2026-04-15 03:31:36,806 - INFO - Initialized GAN Training on cpu
2026-04-15 03:31:36,808 - INFO - --- Starting Stationary Returns Pipeline for gold_apr2026_train ---
2026-04-15 03:31:36,840 - INFO - Detected Price columns: ['Silver_Futures', 'Crude_Oil_Futures', 'Gold_Futures']
2026-04-15 03:31:36,840 - INFO - Detected Rate/Index columns: ['UST10Y_Treasury_Yield', 'gepu', 'gpr_daily', 'DFF']
2026-04-15 03:31:36,856 - INFO - Normalized stationary data with mean: [0.00051576 0.00024575 0.0004719  0.00085465 0.10475776 0.09750206
 0.00122691] and scale: [1.92696186e-02 3.02157275e-02 9.63601057e-03 5.28012016e-02
 8.63063882e+01 4.82698334e+01 4.55602256e-02]
2026-04-15 03:31:36,895 - INFO - Generating future synthetic data from 2026-03-31 through 2026-05-31 for 43 business days.
2026-04-15 03:32:03,668 - INFO - Deterministic feature overrides active for gold_apr2026_train: ['gepu', 'DFF', 'gpr_daily']
2026-04-15 03:32:03,668 - INFO - Scoring subset for gold_apr2026_train: ['Silver_Futures', 'Crude_Oil_Futures', 'Gold_Futures', 'UST10Y_Treasury_Yield', 'gpr_daily']
2026-04-15 03:32:03,668 - INFO - Correlation alignment columns for gold_apr2026_train: ['Silver_Futures', 'Crude_Oil_Futures', 'Gold_Futures', 'UST10Y_Treasury_Yield', 'gepu', 'DFF', 'gpr_daily']
2026-04-15 03:32:03,669 - INFO - Starting training loop...
2026-04-15 03:32:03,669 - INFO - Training config: batch_size=512, epochs=250, n_critic=3, amp=False, workers=0, candidates=12, seeds=[0, 1, 2, 3], gen_hidden=128, disc_hidden=128, gen_dropout=0.1, lr_g=0.0002, lr_d=0.0002
2026-04-15 03:32:03,672 - INFO - --- Training seed 0 for gold_apr2026_train ---
2026-04-15 03:34:16,212 - INFO - Seed 0 Epoch 50/250: D_Loss=1.901255, Total_G_Loss=2.046312
2026-04-15 03:36:30,312 - INFO - Seed 0 Epoch 100/250: D_Loss=1.913587, Total_G_Loss=2.018565
2026-04-15 03:39:20,538 - INFO - Seed 0 Epoch 150/250: D_Loss=1.916062, Total_G_Loss=1.953807
2026-04-15 03:41:38,566 - INFO - Seed 0 Epoch 200/250: D_Loss=1.921060, Total_G_Loss=1.850781
2026-04-15 03:43:46,000 - INFO - Seed 0 Epoch 250/250: D_Loss=1.928691, Total_G_Loss=1.776566
2026-04-15 03:43:46,788 - INFO - Calibrated Silver_Futures: raw_mean=0.003412, raw_std=0.008386, target_mean=0.000516, target_std=0.019273
2026-04-15 03:43:46,788 - INFO - Calibrated Crude_Oil_Futures: raw_mean=-0.000012, raw_std=0.012197, target_mean=0.000246, target_std=0.030221
2026-04-15 03:43:46,788 - INFO - Calibrated Gold_Futures: raw_mean=0.002081, raw_std=0.004390, target_mean=0.000472, target_std=0.009638
2026-04-15 03:43:46,788 - INFO - Calibrated UST10Y_Treasury_Yield: raw_mean=-0.002299, raw_std=0.029033, target_mean=0.000855, target_std=0.052810
2026-04-15 03:43:46,788 - INFO - Calibrated gepu: raw_mean=-1.722503, raw_std=52.799145, target_mean=0.104758, target_std=86.321433
2026-04-15 03:43:46,788 - INFO - Calibrated gpr_daily: raw_mean=-1.604469, raw_std=33.794094, target_mean=0.097502, target_std=48.278248
2026-04-15 03:43:46,788 - INFO - Calibrated DFF: raw_mean=-0.001256, raw_std=0.015606, target_mean=0.001227, target_std=0.045568
2026-04-15 03:43:46,937 - INFO - Calibrated Silver_Futures: raw_mean=0.001817, raw_std=0.008354, target_mean=0.000516, target_std=0.019273
2026-04-15 03:43:46,938 - INFO - Calibrated Crude_Oil_Futures: raw_mean=0.001005, raw_std=0.012512, target_mean=0.000246, target_std=0.030221
2026-04-15 03:43:46,938 - INFO - Calibrated Gold_Futures: raw_mean=0.000990, raw_std=0.004721, target_mean=0.000472, target_std=0.009638
2026-04-15 03:43:46,938 - INFO - Calibrated UST10Y_Treasury_Yield: raw_mean=0.003575, raw_std=0.029932, target_mean=0.000855, target_std=0.052810
2026-04-15 03:43:46,938 - INFO - Calibrated gepu: raw_mean=-2.827459, raw_std=58.797558, target_mean=0.104758, target_std=86.321433
2026-04-15 03:43:46,938 - INFO - Calibrated gpr_daily: raw_mean=-1.332505, raw_std=32.117146, target_mean=0.097502, target_std=48.278248
2026-04-15 03:43:46,938 - INFO - Calibrated DFF: raw_mean=0.001369, raw_std=0.015686, target_mean=0.001227, target_std=0.045568
2026-04-15 03:43:47,057 - INFO - Calibrated Silver_Futures: raw_mean=-0.000138, raw_std=0.008089, target_mean=0.000516, target_std=0.019273
2026-04-15 03:43:47,057 - INFO - Calibrated Crude_Oil_Futures: raw_mean=-0.000471, raw_std=0.011097, target_mean=0.000246, target_std=0.030221
2026-04-15 03:43:47,057 - INFO - Calibrated Gold_Futures: raw_mean=-0.000058, raw_std=0.004286, target_mean=0.000472, target_std=0.009638
2026-04-15 03:43:47,057 - INFO - Calibrated UST10Y_Treasury_Yield: raw_mean=-0.001693, raw_std=0.024548, target_mean=0.000855, target_std=0.052810
2026-04-15 03:43:47,057 - INFO - Calibrated gepu: raw_mean=-1.975076, raw_std=49.014694, target_mean=0.104758, target_std=86.321433
2026-04-15 03:43:47,057 - INFO - Calibrated gpr_daily: raw_mean=-1.877319, raw_std=33.366104, target_mean=0.097502, target_std=48.278248
2026-04-15 03:43:47,057 - INFO - Calibrated DFF: raw_mean=-0.000044, raw_std=0.014478, target_mean=0.001227, target_std=0.045568
2026-04-15 03:43:47,166 - INFO - Calibrated Silver_Futures: raw_mean=0.001003, raw_std=0.007287, target_mean=0.000516, target_std=0.019273
2026-04-15 03:43:47,166 - INFO - Calibrated Crude_Oil_Futures: raw_mean=0.000435, raw_std=0.010834, target_mean=0.000246, target_std=0.030221
2026-04-15 03:43:47,166 - INFO - Calibrated Gold_Futures: raw_mean=0.000336, raw_std=0.003507, target_mean=0.000472, target_std=0.009638
2026-04-15 03:43:47,166 - INFO - Calibrated UST10Y_Treasury_Yield: raw_mean=0.000539, raw_std=0.023720, target_mean=0.000855, target_std=0.052810
2026-04-15 03:43:47,166 - INFO - Calibrated gepu: raw_mean=-2.688209, raw_std=45.555340, target_mean=0.104758, target_std=86.321433
2026-04-15 03:43:47,166 - INFO - Calibrated gpr_daily: raw_mean=-1.218229, raw_std=30.039339, target_mean=0.097502, target_std=48.278248
2026-04-15 03:43:47,166 - INFO - Calibrated DFF: raw_mean=-0.000812, raw_std=0.014073, target_mean=0.001227, target_std=0.045568
2026-04-15 03:43:47,275 - INFO - Calibrated Silver_Futures: raw_mean=0.001856, raw_std=0.008654, target_mean=0.000516, target_std=0.019273
2026-04-15 03:43:47,275 - INFO - Calibrated Crude_Oil_Futures: raw_mean=0.001552, raw_std=0.012077, target_mean=0.000246, target_std=0.030221
2026-04-15 03:43:47,275 - INFO - Calibrated Gold_Futures: raw_mean=0.000967, raw_std=0.004786, target_mean=0.000472, target_std=0.009638
2026-04-15 03:43:47,275 - INFO - Calibrated UST10Y_Treasury_Yield: raw_mean=-0.001100, raw_std=0.023920, target_mean=0.000855, target_std=0.052810
2026-04-15 03:43:47,275 - INFO - Calibrated gepu: raw_mean=-5.861537, raw_std=54.536476, target_mean=0.104758, target_std=86.321433
2026-04-15 03:43:47,275 - INFO - Calibrated gpr_daily: raw_mean=-0.015923, raw_std=31.534349, target_mean=0.097502, target_std=48.278248
2026-04-15 03:43:47,275 - INFO - Calibrated DFF: raw_mean=0.000347, raw_std=0.013472, target_mean=0.001227, target_std=0.045568
2026-04-15 03:43:47,379 - INFO - Calibrated Silver_Futures: raw_mean=0.003865, raw_std=0.007775, target_mean=0.000516, target_std=0.019273
2026-04-15 03:43:47,380 - INFO - Calibrated Crude_Oil_Futures: raw_mean=0.001768, raw_std=0.012681, target_mean=0.000246, target_std=0.030221
2026-04-15 03:43:47,380 - INFO - Calibrated Gold_Futures: raw_mean=0.002202, raw_std=0.004232, target_mean=0.000472, target_std=0.009638
2026-04-15 03:43:47,380 - INFO - Calibrated UST10Y_Treasury_Yield: raw_mean=0.002028, raw_std=0.028425, target_mean=0.000855, target_std=0.052810
2026-04-15 03:43:47,380 - INFO - Calibrated gepu: raw_mean=-3.122304, raw_std=59.088135, target_mean=0.104758, target_std=86.321433
2026-04-15 03:43:47,380 - INFO - Calibrated gpr_daily: raw_mean=-1.331596, raw_std=33.032578, target_mean=0.097502, target_std=48.278248
2026-04-15 03:43:47,380 - INFO - Calibrated DFF: raw_mean=0.000774, raw_std=0.014327, target_mean=0.001227, target_std=0.045568
2026-04-15 03:43:47,488 - INFO - Calibrated Silver_Futures: raw_mean=0.001260, raw_std=0.009732, target_mean=0.000516, target_std=0.019273
2026-04-15 03:43:47,488 - INFO - Calibrated Crude_Oil_Futures: raw_mean=-0.000565, raw_std=0.013231, target_mean=0.000246, target_std=0.030221
2026-04-15 03:43:47,488 - INFO - Calibrated Gold_Futures: raw_mean=0.001082, raw_std=0.004995, target_mean=0.000472, target_std=0.009638
2026-04-15 03:43:47,490 - INFO - Calibrated UST10Y_Treasury_Yield: raw_mean=0.001481, raw_std=0.030917, target_mean=0.000855, target_std=0.052810
2026-04-15 03:43:47,490 - INFO - Calibrated gepu: raw_mean=-4.738961, raw_std=54.400764, target_mean=0.104758, target_std=86.321433
2026-04-15 03:43:47,490 - INFO - Calibrated gpr_daily: raw_mean=-2.542264, raw_std=35.261440, target_mean=0.097502, target_std=48.278248
2026-04-15 03:43:47,490 - INFO - Calibrated DFF: raw_mean=-0.000601, raw_std=0.014058, target_mean=0.001227, target_std=0.045568
2026-04-15 03:43:47,595 - INFO - Calibrated Silver_Futures: raw_mean=0.003711, raw_std=0.008559, target_mean=0.000516, target_std=0.019273
2026-04-15 03:43:47,597 - INFO - Calibrated Crude_Oil_Futures: raw_mean=0.000937, raw_std=0.011507, target_mean=0.000246, target_std=0.030221
2026-04-15 03:43:47,597 - INFO - Calibrated Gold_Futures: raw_mean=0.001894, raw_std=0.004759, target_mean=0.000472, target_std=0.009638
2026-04-15 03:43:47,597 - INFO - Calibrated UST10Y_Treasury_Yield: raw_mean=0.001172, raw_std=0.028220, target_mean=0.000855, target_std=0.052810
2026-04-15 03:43:47,597 - INFO - Calibrated gepu: raw_mean=-3.716441, raw_std=55.356113, target_mean=0.104758, target_std=86.321433
2026-04-15 03:43:47,597 - INFO - Calibrated gpr_daily: raw_mean=-0.169956, raw_std=32.597034, target_mean=0.097502, target_std=48.278248
2026-04-15 03:43:47,597 - INFO - Calibrated DFF: raw_mean=0.000261, raw_std=0.013382, target_mean=0.001227, target_std=0.045568
2026-04-15 03:43:47,712 - INFO - Calibrated Silver_Futures: raw_mean=0.001472, raw_std=0.008689, target_mean=0.000516, target_std=0.019273
2026-04-15 03:43:47,712 - INFO - Calibrated Crude_Oil_Futures: raw_mean=0.000527, raw_std=0.012522, target_mean=0.000246, target_std=0.030221
2026-04-15 03:43:47,712 - INFO - Calibrated Gold_Futures: raw_mean=0.001025, raw_std=0.004535, target_mean=0.000472, target_std=0.009638
2026-04-15 03:43:47,712 - INFO - Calibrated UST10Y_Treasury_Yield: raw_mean=0.000773, raw_std=0.027357, target_mean=0.000855, target_std=0.052810
2026-04-15 03:43:47,712 - INFO - Calibrated gepu: raw_mean=-3.193092, raw_std=59.708153, target_mean=0.104758, target_std=86.321433
2026-04-15 03:43:47,712 - INFO - Calibrated gpr_daily: raw_mean=-1.538459, raw_std=34.623943, target_mean=0.097502, target_std=48.278248
2026-04-15 03:43:47,712 - INFO - Calibrated DFF: raw_mean=0.000716, raw_std=0.013529, target_mean=0.001227, target_std=0.045568
2026-04-15 03:43:47,818 - INFO - Calibrated Silver_Futures: raw_mean=0.000445, raw_std=0.007935, target_mean=0.000516, target_std=0.019273
2026-04-15 03:43:47,818 - INFO - Calibrated Crude_Oil_Futures: raw_mean=0.000547, raw_std=0.012056, target_mean=0.000246, target_std=0.030221
2026-04-15 03:43:47,818 - INFO - Calibrated Gold_Futures: raw_mean=0.000247, raw_std=0.003909, target_mean=0.000472, target_std=0.009638
2026-04-15 03:43:47,818 - INFO - Calibrated UST10Y_Treasury_Yield: raw_mean=0.003480, raw_std=0.025265, target_mean=0.000855, target_std=0.052810
2026-04-15 03:43:47,818 - INFO - Calibrated gepu: raw_mean=-4.485757, raw_std=56.284264, target_mean=0.104758, target_std=86.321433
2026-04-15 03:43:47,819 - INFO - Calibrated gpr_daily: raw_mean=-0.972200, raw_std=33.908020, target_mean=0.097502, target_std=48.278248
2026-04-15 03:43:47,819 - INFO - Calibrated DFF: raw_mean=-0.000132, raw_std=0.015037, target_mean=0.001227, target_std=0.045568
2026-04-15 03:43:47,927 - INFO - Calibrated Silver_Futures: raw_mean=0.002268, raw_std=0.009975, target_mean=0.000516, target_std=0.019273
2026-04-15 03:43:47,927 - INFO - Calibrated Crude_Oil_Futures: raw_mean=-0.000116, raw_std=0.013564, target_mean=0.000246, target_std=0.030221
2026-04-15 03:43:47,927 - INFO - Calibrated Gold_Futures: raw_mean=0.001271, raw_std=0.005087, target_mean=0.000472, target_std=0.009638
2026-04-15 03:43:47,927 - INFO - Calibrated UST10Y_Treasury_Yield: raw_mean=0.002418, raw_std=0.027631, target_mean=0.000855, target_std=0.052810
2026-04-15 03:43:47,928 - INFO - Calibrated gepu: raw_mean=-3.178345, raw_std=54.931133, target_mean=0.104758, target_std=86.321433
2026-04-15 03:43:47,928 - INFO - Calibrated gpr_daily: raw_mean=-1.628695, raw_std=30.877403, target_mean=0.097502, target_std=48.278248
2026-04-15 03:43:47,928 - INFO - Calibrated DFF: raw_mean=0.000111, raw_std=0.014606, target_mean=0.001227, target_std=0.045568
2026-04-15 03:43:48,046 - INFO - Calibrated Silver_Futures: raw_mean=0.000990, raw_std=0.009049, target_mean=0.000516, target_std=0.019273
2026-04-15 03:43:48,046 - INFO - Calibrated Crude_Oil_Futures: raw_mean=0.000268, raw_std=0.012275, target_mean=0.000246, target_std=0.030221
2026-04-15 03:43:48,046 - INFO - Calibrated Gold_Futures: raw_mean=0.000804, raw_std=0.004848, target_mean=0.000472, target_std=0.009638
2026-04-15 03:43:48,046 - INFO - Calibrated UST10Y_Treasury_Yield: raw_mean=-0.000200, raw_std=0.027485, target_mean=0.000855, target_std=0.052810
2026-04-15 03:43:48,046 - INFO - Calibrated gepu: raw_mean=-3.229863, raw_std=56.241726, target_mean=0.104758, target_std=86.321433
2026-04-15 03:43:48,046 - INFO - Calibrated gpr_daily: raw_mean=-0.574615, raw_std=35.309353, target_mean=0.097502, target_std=48.278248
2026-04-15 03:43:48,046 - INFO - Calibrated DFF: raw_mean=-0.000242, raw_std=0.013926, target_mean=0.001227, target_std=0.045568
2026-04-15 03:43:48,094 - INFO - --- Training seed 1 for gold_apr2026_train ---
2026-04-15 03:45:57,213 - INFO - Seed 1 Epoch 50/250: D_Loss=1.908984, Total_G_Loss=2.049315
2026-04-15 03:48:05,420 - INFO - Seed 1 Epoch 100/250: D_Loss=1.916359, Total_G_Loss=2.031539
2026-04-15 03:50:26,594 - INFO - Seed 1 Epoch 150/250: D_Loss=1.924410, Total_G_Loss=1.961939
2026-04-15 03:52:43,541 - INFO - Seed 1 Epoch 200/250: D_Loss=1.924980, Total_G_Loss=1.955675
2026-04-15 03:54:53,236 - INFO - Seed 1 Epoch 250/250: D_Loss=1.931268, Total_G_Loss=1.757856
2026-04-15 03:54:53,852 - INFO - Calibrated Silver_Futures: raw_mean=0.001626, raw_std=0.009367, target_mean=0.000516, target_std=0.019273
2026-04-15 03:54:53,853 - INFO - Calibrated Crude_Oil_Futures: raw_mean=0.001993, raw_std=0.012546, target_mean=0.000246, target_std=0.030221
2026-04-15 03:54:53,853 - INFO - Calibrated Gold_Futures: raw_mean=0.000367, raw_std=0.004536, target_mean=0.000472, target_std=0.009638
2026-04-15 03:54:53,853 - INFO - Calibrated UST10Y_Treasury_Yield: raw_mean=0.004752, raw_std=0.027377, target_mean=0.000855, target_std=0.052810
2026-04-15 03:54:53,853 - INFO - Calibrated gepu: raw_mean=-4.644806, raw_std=51.623203, target_mean=0.104758, target_std=86.321433
2026-04-15 03:54:53,853 - INFO - Calibrated gpr_daily: raw_mean=-0.234126, raw_std=37.005161, target_mean=0.097502, target_std=48.278248
2026-04-15 03:54:53,853 - INFO - Calibrated DFF: raw_mean=0.000046, raw_std=0.014414, target_mean=0.001227, target_std=0.045568
2026-04-15 03:54:53,990 - INFO - Calibrated Silver_Futures: raw_mean=0.002516, raw_std=0.008740, target_mean=0.000516, target_std=0.019273
2026-04-15 03:54:53,990 - INFO - Calibrated Crude_Oil_Futures: raw_mean=0.000166, raw_std=0.011461, target_mean=0.000246, target_std=0.030221
2026-04-15 03:54:53,990 - INFO - Calibrated Gold_Futures: raw_mean=0.001002, raw_std=0.004233, target_mean=0.000472, target_std=0.009638
2026-04-15 03:54:53,990 - INFO - Calibrated UST10Y_Treasury_Yield: raw_mean=0.002340, raw_std=0.024618, target_mean=0.000855, target_std=0.052810
2026-04-15 03:54:53,990 - INFO - Calibrated gepu: raw_mean=-2.062721, raw_std=43.541382, target_mean=0.104758, target_std=86.321433
2026-04-15 03:54:53,990 - INFO - Calibrated gpr_daily: raw_mean=-0.610350, raw_std=32.436150, target_mean=0.097502, target_std=48.278248
2026-04-15 03:54:53,990 - INFO - Calibrated DFF: raw_mean=-0.001952, raw_std=0.013791, target_mean=0.001227, target_std=0.045568
2026-04-15 03:54:54,098 - INFO - Calibrated Silver_Futures: raw_mean=0.002452, raw_std=0.008439, target_mean=0.000516, target_std=0.019273
2026-04-15 03:54:54,098 - INFO - Calibrated Crude_Oil_Futures: raw_mean=-0.000513, raw_std=0.011558, target_mean=0.000246, target_std=0.030221
2026-04-15 03:54:54,098 - INFO - Calibrated Gold_Futures: raw_mean=0.000986, raw_std=0.004294, target_mean=0.000472, target_std=0.009638
2026-04-15 03:54:54,098 - INFO - Calibrated UST10Y_Treasury_Yield: raw_mean=-0.001309, raw_std=0.026322, target_mean=0.000855, target_std=0.052810
2026-04-15 03:54:54,100 - INFO - Calibrated gepu: raw_mean=-1.669371, raw_std=45.455887, target_mean=0.104758, target_std=86.321433
2026-04-15 03:54:54,100 - INFO - Calibrated gpr_daily: raw_mean=-1.011501, raw_std=32.388767, target_mean=0.097502, target_std=48.278248
2026-04-15 03:54:54,100 - INFO - Calibrated DFF: raw_mean=0.000358, raw_std=0.014060, target_mean=0.001227, target_std=0.045568
2026-04-15 03:54:54,213 - INFO - Calibrated Silver_Futures: raw_mean=0.003610, raw_std=0.008711, target_mean=0.000516, target_std=0.019273
2026-04-15 03:54:54,214 - INFO - Calibrated Crude_Oil_Futures: raw_mean=0.000080, raw_std=0.012237, target_mean=0.000246, target_std=0.030221
2026-04-15 03:54:54,214 - INFO - Calibrated Gold_Futures: raw_mean=0.001741, raw_std=0.004099, target_mean=0.000472, target_std=0.009638
2026-04-15 03:54:54,214 - INFO - Calibrated UST10Y_Treasury_Yield: raw_mean=-0.000308, raw_std=0.023007, target_mean=0.000855, target_std=0.052810
2026-04-15 03:54:54,214 - INFO - Calibrated gepu: raw_mean=-2.519767, raw_std=54.961826, target_mean=0.104758, target_std=86.321433
2026-04-15 03:54:54,214 - INFO - Calibrated gpr_daily: raw_mean=-1.393294, raw_std=33.850594, target_mean=0.097502, target_std=48.278248
2026-04-15 03:54:54,214 - INFO - Calibrated DFF: raw_mean=-0.002073, raw_std=0.014253, target_mean=0.001227, target_std=0.045568
2026-04-15 03:54:54,329 - INFO - Calibrated Silver_Futures: raw_mean=0.003133, raw_std=0.009213, target_mean=0.000516, target_std=0.019273
2026-04-15 03:54:54,329 - INFO - Calibrated Crude_Oil_Futures: raw_mean=0.000869, raw_std=0.012597, target_mean=0.000246, target_std=0.030221
2026-04-15 03:54:54,329 - INFO - Calibrated Gold_Futures: raw_mean=0.001281, raw_std=0.004721, target_mean=0.000472, target_std=0.009638
2026-04-15 03:54:54,329 - INFO - Calibrated UST10Y_Treasury_Yield: raw_mean=0.003826, raw_std=0.026072, target_mean=0.000855, target_std=0.052810
2026-04-15 03:54:54,329 - INFO - Calibrated gepu: raw_mean=-3.370318, raw_std=54.547428, target_mean=0.104758, target_std=86.321433
2026-04-15 03:54:54,329 - INFO - Calibrated gpr_daily: raw_mean=-1.520967, raw_std=33.549332, target_mean=0.097502, target_std=48.278248
2026-04-15 03:54:54,329 - INFO - Calibrated DFF: raw_mean=-0.000590, raw_std=0.015353, target_mean=0.001227, target_std=0.045568
2026-04-15 03:54:54,443 - INFO - Calibrated Silver_Futures: raw_mean=0.000013, raw_std=0.007814, target_mean=0.000516, target_std=0.019273
2026-04-15 03:54:54,443 - INFO - Calibrated Crude_Oil_Futures: raw_mean=-0.002600, raw_std=0.010428, target_mean=0.000246, target_std=0.030221
2026-04-15 03:54:54,443 - INFO - Calibrated Gold_Futures: raw_mean=0.000143, raw_std=0.003905, target_mean=0.000472, target_std=0.009638
2026-04-15 03:54:54,443 - INFO - Calibrated UST10Y_Treasury_Yield: raw_mean=-0.002407, raw_std=0.023298, target_mean=0.000855, target_std=0.052810
2026-04-15 03:54:54,443 - INFO - Calibrated gepu: raw_mean=-0.506525, raw_std=36.840363, target_mean=0.104758, target_std=86.321433
2026-04-15 03:54:54,443 - INFO - Calibrated gpr_daily: raw_mean=-2.318849, raw_std=35.402256, target_mean=0.097502, target_std=48.278248
2026-04-15 03:54:54,444 - INFO - Calibrated DFF: raw_mean=-0.000912, raw_std=0.013701, target_mean=0.001227, target_std=0.045568
2026-04-15 03:54:54,562 - INFO - Calibrated Silver_Futures: raw_mean=0.005109, raw_std=0.008260, target_mean=0.000516, target_std=0.019273
2026-04-15 03:54:54,562 - INFO - Calibrated Crude_Oil_Futures: raw_mean=0.001946, raw_std=0.012179, target_mean=0.000246, target_std=0.030221
2026-04-15 03:54:54,562 - INFO - Calibrated Gold_Futures: raw_mean=0.002243, raw_std=0.004076, target_mean=0.000472, target_std=0.009638
2026-04-15 03:54:54,562 - INFO - Calibrated UST10Y_Treasury_Yield: raw_mean=0.000874, raw_std=0.028528, target_mean=0.000855, target_std=0.052810
2026-04-15 03:54:54,562 - INFO - Calibrated gepu: raw_mean=-2.344339, raw_std=50.468773, target_mean=0.104758, target_std=86.321433
2026-04-15 03:54:54,562 - INFO - Calibrated gpr_daily: raw_mean=-1.147564, raw_std=31.627792, target_mean=0.097502, target_std=48.278248
2026-04-15 03:54:54,562 - INFO - Calibrated DFF: raw_mean=-0.000038, raw_std=0.013991, target_mean=0.001227, target_std=0.045568
2026-04-15 03:54:54,672 - INFO - Calibrated Silver_Futures: raw_mean=0.003723, raw_std=0.009007, target_mean=0.000516, target_std=0.019273
2026-04-15 03:54:54,672 - INFO - Calibrated Crude_Oil_Futures: raw_mean=-0.001186, raw_std=0.011130, target_mean=0.000246, target_std=0.030221
2026-04-15 03:54:54,672 - INFO - Calibrated Gold_Futures: raw_mean=0.001625, raw_std=0.004567, target_mean=0.000472, target_std=0.009638
2026-04-15 03:54:54,672 - INFO - Calibrated UST10Y_Treasury_Yield: raw_mean=-0.001391, raw_std=0.024064, target_mean=0.000855, target_std=0.052810
2026-04-15 03:54:54,672 - INFO - Calibrated gepu: raw_mean=-4.605739, raw_std=60.674335, target_mean=0.104758, target_std=86.321433
2026-04-15 03:54:54,672 - INFO - Calibrated gpr_daily: raw_mean=-1.510385, raw_std=27.812771, target_mean=0.097502, target_std=48.278248
2026-04-15 03:54:54,672 - INFO - Calibrated DFF: raw_mean=-0.001287, raw_std=0.014464, target_mean=0.001227, target_std=0.045568
2026-04-15 03:54:54,784 - INFO - Calibrated Silver_Futures: raw_mean=-0.000482, raw_std=0.008738, target_mean=0.000516, target_std=0.019273
2026-04-15 03:54:54,784 - INFO - Calibrated Crude_Oil_Futures: raw_mean=-0.002961, raw_std=0.011341, target_mean=0.000246, target_std=0.030221
2026-04-15 03:54:54,784 - INFO - Calibrated Gold_Futures: raw_mean=-0.000117, raw_std=0.004361, target_mean=0.000472, target_std=0.009638
2026-04-15 03:54:54,784 - INFO - Calibrated UST10Y_Treasury_Yield: raw_mean=-0.002500, raw_std=0.026381, target_mean=0.000855, target_std=0.052810
2026-04-15 03:54:54,784 - INFO - Calibrated gepu: raw_mean=-4.510202, raw_std=49.098572, target_mean=0.104758, target_std=86.321433
2026-04-15 03:54:54,785 - INFO - Calibrated gpr_daily: raw_mean=-3.742730, raw_std=30.253532, target_mean=0.097502, target_std=48.278248
2026-04-15 03:54:54,785 - INFO - Calibrated DFF: raw_mean=0.001212, raw_std=0.013005, target_mean=0.001227, target_std=0.045568
2026-04-15 03:54:54,901 - INFO - Calibrated Silver_Futures: raw_mean=0.000655, raw_std=0.008497, target_mean=0.000516, target_std=0.019273
2026-04-15 03:54:54,901 - INFO - Calibrated Crude_Oil_Futures: raw_mean=-0.001116, raw_std=0.010443, target_mean=0.000246, target_std=0.030221
2026-04-15 03:54:54,902 - INFO - Calibrated Gold_Futures: raw_mean=0.000654, raw_std=0.003866, target_mean=0.000472, target_std=0.009638
2026-04-15 03:54:54,902 - INFO - Calibrated UST10Y_Treasury_Yield: raw_mean=-0.000469, raw_std=0.025380, target_mean=0.000855, target_std=0.052810
2026-04-15 03:54:54,902 - INFO - Calibrated gepu: raw_mean=-2.637237, raw_std=50.304756, target_mean=0.104758, target_std=86.321433
2026-04-15 03:54:54,902 - INFO - Calibrated gpr_daily: raw_mean=-1.691063, raw_std=32.303970, target_mean=0.097502, target_std=48.278248
2026-04-15 03:54:54,902 - INFO - Calibrated DFF: raw_mean=0.000398, raw_std=0.014099, target_mean=0.001227, target_std=0.045568
2026-04-15 03:54:55,010 - INFO - Calibrated Silver_Futures: raw_mean=0.001259, raw_std=0.008337, target_mean=0.000516, target_std=0.019273
2026-04-15 03:54:55,011 - INFO - Calibrated Crude_Oil_Futures: raw_mean=-0.000508, raw_std=0.012453, target_mean=0.000246, target_std=0.030221
2026-04-15 03:54:55,011 - INFO - Calibrated Gold_Futures: raw_mean=0.000620, raw_std=0.004276, target_mean=0.000472, target_std=0.009638
2026-04-15 03:54:55,011 - INFO - Calibrated UST10Y_Treasury_Yield: raw_mean=0.000982, raw_std=0.027231, target_mean=0.000855, target_std=0.052810
2026-04-15 03:54:55,011 - INFO - Calibrated gepu: raw_mean=-3.189313, raw_std=52.695492, target_mean=0.104758, target_std=86.321433
2026-04-15 03:54:55,011 - INFO - Calibrated gpr_daily: raw_mean=-1.434146, raw_std=29.951862, target_mean=0.097502, target_std=48.278248
2026-04-15 03:54:55,011 - INFO - Calibrated DFF: raw_mean=-0.000016, raw_std=0.013680, target_mean=0.001227, target_std=0.045568
2026-04-15 03:54:55,120 - INFO - Calibrated Silver_Futures: raw_mean=0.001686, raw_std=0.007592, target_mean=0.000516, target_std=0.019273
2026-04-15 03:54:55,121 - INFO - Calibrated Crude_Oil_Futures: raw_mean=-0.001223, raw_std=0.010465, target_mean=0.000246, target_std=0.030221
2026-04-15 03:54:55,121 - INFO - Calibrated Gold_Futures: raw_mean=0.000647, raw_std=0.003627, target_mean=0.000472, target_std=0.009638
2026-04-15 03:54:55,121 - INFO - Calibrated UST10Y_Treasury_Yield: raw_mean=0.001003, raw_std=0.024759, target_mean=0.000855, target_std=0.052810
2026-04-15 03:54:55,121 - INFO - Calibrated gepu: raw_mean=-5.091317, raw_std=52.308281, target_mean=0.104758, target_std=86.321433
2026-04-15 03:54:55,121 - INFO - Calibrated gpr_daily: raw_mean=-2.163606, raw_std=31.752619, target_mean=0.097502, target_std=48.278248
2026-04-15 03:54:55,121 - INFO - Calibrated DFF: raw_mean=-0.000277, raw_std=0.013496, target_mean=0.001227, target_std=0.045568
2026-04-15 03:54:55,172 - INFO - --- Training seed 2 for gold_apr2026_train ---
2026-04-15 03:57:05,365 - INFO - Seed 2 Epoch 50/250: D_Loss=1.904332, Total_G_Loss=2.046372
2026-04-15 03:59:12,462 - INFO - Seed 2 Epoch 100/250: D_Loss=1.913225, Total_G_Loss=2.028113
2026-04-15 04:01:18,503 - INFO - Seed 2 Epoch 150/250: D_Loss=1.916624, Total_G_Loss=1.883206
2026-04-15 04:03:41,682 - INFO - Seed 2 Epoch 200/250: D_Loss=1.922027, Total_G_Loss=1.930991
2026-04-15 04:05:54,889 - INFO - Seed 2 Epoch 250/250: D_Loss=1.927538, Total_G_Loss=1.862101
2026-04-15 04:05:55,434 - INFO - Calibrated Silver_Futures: raw_mean=0.000185, raw_std=0.008727, target_mean=0.000516, target_std=0.019273
2026-04-15 04:05:55,434 - INFO - Calibrated Crude_Oil_Futures: raw_mean=0.002682, raw_std=0.011102, target_mean=0.000246, target_std=0.030221
2026-04-15 04:05:55,434 - INFO - Calibrated Gold_Futures: raw_mean=-0.000556, raw_std=0.004296, target_mean=0.000472, target_std=0.009638
2026-04-15 04:05:55,434 - INFO - Calibrated UST10Y_Treasury_Yield: raw_mean=0.006238, raw_std=0.025476, target_mean=0.000855, target_std=0.052810
2026-04-15 04:05:55,434 - INFO - Calibrated gepu: raw_mean=-2.100168, raw_std=45.866997, target_mean=0.104758, target_std=86.321433
2026-04-15 04:05:55,434 - INFO - Calibrated gpr_daily: raw_mean=-1.567466, raw_std=31.344221, target_mean=0.097502, target_std=48.278248
2026-04-15 04:05:55,434 - INFO - Calibrated DFF: raw_mean=0.001639, raw_std=0.013159, target_mean=0.001227, target_std=0.045568
2026-04-15 04:05:55,567 - INFO - Calibrated Silver_Futures: raw_mean=-0.001149, raw_std=0.010437, target_mean=0.000516, target_std=0.019273
2026-04-15 04:05:55,567 - INFO - Calibrated Crude_Oil_Futures: raw_mean=0.000342, raw_std=0.011869, target_mean=0.000246, target_std=0.030221
2026-04-15 04:05:55,567 - INFO - Calibrated Gold_Futures: raw_mean=-0.001237, raw_std=0.005250, target_mean=0.000472, target_std=0.009638
2026-04-15 04:05:55,567 - INFO - Calibrated UST10Y_Treasury_Yield: raw_mean=0.004520, raw_std=0.029005, target_mean=0.000855, target_std=0.052810
2026-04-15 04:05:55,567 - INFO - Calibrated gepu: raw_mean=-0.237217, raw_std=53.670570, target_mean=0.104758, target_std=86.321433
2026-04-15 04:05:55,567 - INFO - Calibrated gpr_daily: raw_mean=-1.450938, raw_std=33.519741, target_mean=0.097502, target_std=48.278248
2026-04-15 04:05:55,567 - INFO - Calibrated DFF: raw_mean=0.000714, raw_std=0.013628, target_mean=0.001227, target_std=0.045568
2026-04-15 04:05:55,681 - INFO - Calibrated Silver_Futures: raw_mean=-0.002038, raw_std=0.009564, target_mean=0.000516, target_std=0.019273
2026-04-15 04:05:55,681 - INFO - Calibrated Crude_Oil_Futures: raw_mean=0.001426, raw_std=0.011920, target_mean=0.000246, target_std=0.030221
2026-04-15 04:05:55,681 - INFO - Calibrated Gold_Futures: raw_mean=-0.001641, raw_std=0.004671, target_mean=0.000472, target_std=0.009638
2026-04-15 04:05:55,681 - INFO - Calibrated UST10Y_Treasury_Yield: raw_mean=0.004487, raw_std=0.027864, target_mean=0.000855, target_std=0.052810
2026-04-15 04:05:55,681 - INFO - Calibrated gepu: raw_mean=0.132166, raw_std=34.484417, target_mean=0.104758, target_std=86.321433
2026-04-15 04:05:55,681 - INFO - Calibrated gpr_daily: raw_mean=-2.065493, raw_std=30.472260, target_mean=0.097502, target_std=48.278248
2026-04-15 04:05:55,681 - INFO - Calibrated DFF: raw_mean=0.000999, raw_std=0.013194, target_mean=0.001227, target_std=0.045568
2026-04-15 04:05:55,805 - INFO - Calibrated Silver_Futures: raw_mean=-0.000492, raw_std=0.008597, target_mean=0.000516, target_std=0.019273
2026-04-15 04:05:55,805 - INFO - Calibrated Crude_Oil_Futures: raw_mean=0.000757, raw_std=0.010259, target_mean=0.000246, target_std=0.030221
2026-04-15 04:05:55,805 - INFO - Calibrated Gold_Futures: raw_mean=-0.000602, raw_std=0.004406, target_mean=0.000472, target_std=0.009638
2026-04-15 04:05:55,805 - INFO - Calibrated UST10Y_Treasury_Yield: raw_mean=0.000802, raw_std=0.024961, target_mean=0.000855, target_std=0.052810
2026-04-15 04:05:55,805 - INFO - Calibrated gepu: raw_mean=-3.402480, raw_std=49.750244, target_mean=0.104758, target_std=86.321433
2026-04-15 04:05:55,805 - INFO - Calibrated gpr_daily: raw_mean=-0.677588, raw_std=33.419796, target_mean=0.097502, target_std=48.278248
2026-04-15 04:05:55,805 - INFO - Calibrated DFF: raw_mean=0.000887, raw_std=0.012390, target_mean=0.001227, target_std=0.045568
2026-04-15 04:05:55,924 - INFO - Calibrated Silver_Futures: raw_mean=0.000520, raw_std=0.009940, target_mean=0.000516, target_std=0.019273
2026-04-15 04:05:55,924 - INFO - Calibrated Crude_Oil_Futures: raw_mean=0.000007, raw_std=0.011036, target_mean=0.000246, target_std=0.030221
2026-04-15 04:05:55,924 - INFO - Calibrated Gold_Futures: raw_mean=0.000034, raw_std=0.005389, target_mean=0.000472, target_std=0.009638
2026-04-15 04:05:55,924 - INFO - Calibrated UST10Y_Treasury_Yield: raw_mean=0.000167, raw_std=0.029514, target_mean=0.000855, target_std=0.052810
2026-04-15 04:05:55,924 - INFO - Calibrated gepu: raw_mean=-0.337843, raw_std=47.838051, target_mean=0.104758, target_std=86.321433
2026-04-15 04:05:55,924 - INFO - Calibrated gpr_daily: raw_mean=-1.993574, raw_std=34.866421, target_mean=0.097502, target_std=48.278248
2026-04-15 04:05:55,924 - INFO - Calibrated DFF: raw_mean=0.001484, raw_std=0.012931, target_mean=0.001227, target_std=0.045568
2026-04-15 04:05:56,041 - INFO - Calibrated Silver_Futures: raw_mean=0.001121, raw_std=0.008826, target_mean=0.000516, target_std=0.019273
2026-04-15 04:05:56,042 - INFO - Calibrated Crude_Oil_Futures: raw_mean=0.000967, raw_std=0.010143, target_mean=0.000246, target_std=0.030221
2026-04-15 04:05:56,042 - INFO - Calibrated Gold_Futures: raw_mean=-0.000131, raw_std=0.004166, target_mean=0.000472, target_std=0.009638
2026-04-15 04:05:56,042 - INFO - Calibrated UST10Y_Treasury_Yield: raw_mean=0.001614, raw_std=0.026909, target_mean=0.000855, target_std=0.052810
2026-04-15 04:05:56,042 - INFO - Calibrated gepu: raw_mean=-2.843785, raw_std=51.747627, target_mean=0.104758, target_std=86.321433
2026-04-15 04:05:56,042 - INFO - Calibrated gpr_daily: raw_mean=-0.268779, raw_std=31.196058, target_mean=0.097502, target_std=48.278248
2026-04-15 04:05:56,042 - INFO - Calibrated DFF: raw_mean=0.000136, raw_std=0.011965, target_mean=0.001227, target_std=0.045568
2026-04-15 04:05:56,165 - INFO - Calibrated Silver_Futures: raw_mean=-0.001577, raw_std=0.009287, target_mean=0.000516, target_std=0.019273
2026-04-15 04:05:56,165 - INFO - Calibrated Crude_Oil_Futures: raw_mean=0.000532, raw_std=0.009978, target_mean=0.000246, target_std=0.030221
2026-04-15 04:05:56,165 - INFO - Calibrated Gold_Futures: raw_mean=-0.001434, raw_std=0.004423, target_mean=0.000472, target_std=0.009638
2026-04-15 04:05:56,165 - INFO - Calibrated UST10Y_Treasury_Yield: raw_mean=0.005173, raw_std=0.027075, target_mean=0.000855, target_std=0.052810
2026-04-15 04:05:56,165 - INFO - Calibrated gepu: raw_mean=-2.375694, raw_std=56.397705, target_mean=0.104758, target_std=86.321433
2026-04-15 04:05:56,166 - INFO - Calibrated gpr_daily: raw_mean=-1.638943, raw_std=34.967854, target_mean=0.097502, target_std=48.278248
2026-04-15 04:05:56,166 - INFO - Calibrated DFF: raw_mean=0.001610, raw_std=0.011965, target_mean=0.001227, target_std=0.045568
2026-04-15 04:05:56,288 - INFO - Calibrated Silver_Futures: raw_mean=-0.000030, raw_std=0.010007, target_mean=0.000516, target_std=0.019273
2026-04-15 04:05:56,288 - INFO - Calibrated Crude_Oil_Futures: raw_mean=0.001471, raw_std=0.012471, target_mean=0.000246, target_std=0.030221
2026-04-15 04:05:56,288 - INFO - Calibrated Gold_Futures: raw_mean=-0.000702, raw_std=0.004886, target_mean=0.000472, target_std=0.009638
2026-04-15 04:05:56,288 - INFO - Calibrated UST10Y_Treasury_Yield: raw_mean=0.005916, raw_std=0.027114, target_mean=0.000855, target_std=0.052810
2026-04-15 04:05:56,288 - INFO - Calibrated gepu: raw_mean=-2.747209, raw_std=53.154873, target_mean=0.104758, target_std=86.321433
2026-04-15 04:05:56,289 - INFO - Calibrated gpr_daily: raw_mean=-1.095823, raw_std=32.877666, target_mean=0.097502, target_std=48.278248
2026-04-15 04:05:56,289 - INFO - Calibrated DFF: raw_mean=0.001804, raw_std=0.011825, target_mean=0.001227, target_std=0.045568
2026-04-15 04:05:56,403 - INFO - Calibrated Silver_Futures: raw_mean=0.003333, raw_std=0.010000, target_mean=0.000516, target_std=0.019273
2026-04-15 04:05:56,403 - INFO - Calibrated Crude_Oil_Futures: raw_mean=0.001328, raw_std=0.011488, target_mean=0.000246, target_std=0.030221
2026-04-15 04:05:56,403 - INFO - Calibrated Gold_Futures: raw_mean=0.000802, raw_std=0.004867, target_mean=0.000472, target_std=0.009638
2026-04-15 04:05:56,403 - INFO - Calibrated UST10Y_Treasury_Yield: raw_mean=0.003206, raw_std=0.029798, target_mean=0.000855, target_std=0.052810
2026-04-15 04:05:56,403 - INFO - Calibrated gepu: raw_mean=-3.066741, raw_std=59.191048, target_mean=0.104758, target_std=86.321433
2026-04-15 04:05:56,403 - INFO - Calibrated gpr_daily: raw_mean=-0.923879, raw_std=31.590857, target_mean=0.097502, target_std=48.278248
2026-04-15 04:05:56,403 - INFO - Calibrated DFF: raw_mean=0.001831, raw_std=0.010776, target_mean=0.001227, target_std=0.045568
2026-04-15 04:05:56,521 - INFO - Calibrated Silver_Futures: raw_mean=-0.000008, raw_std=0.008538, target_mean=0.000516, target_std=0.019273
2026-04-15 04:05:56,522 - INFO - Calibrated Crude_Oil_Futures: raw_mean=-0.000277, raw_std=0.010811, target_mean=0.000246, target_std=0.030221
2026-04-15 04:05:56,522 - INFO - Calibrated Gold_Futures: raw_mean=-0.000454, raw_std=0.004481, target_mean=0.000472, target_std=0.009638
2026-04-15 04:05:56,522 - INFO - Calibrated UST10Y_Treasury_Yield: raw_mean=-0.000026, raw_std=0.028681, target_mean=0.000855, target_std=0.052810
2026-04-15 04:05:56,522 - INFO - Calibrated gepu: raw_mean=-2.093549, raw_std=47.141396, target_mean=0.104758, target_std=86.321433
2026-04-15 04:05:56,522 - INFO - Calibrated gpr_daily: raw_mean=-0.451145, raw_std=28.753555, target_mean=0.097502, target_std=48.278248
2026-04-15 04:05:56,522 - INFO - Calibrated DFF: raw_mean=0.000744, raw_std=0.014499, target_mean=0.001227, target_std=0.045568
2026-04-15 04:05:56,641 - INFO - Calibrated Silver_Futures: raw_mean=0.000748, raw_std=0.008438, target_mean=0.000516, target_std=0.019273
2026-04-15 04:05:56,641 - INFO - Calibrated Crude_Oil_Futures: raw_mean=0.001725, raw_std=0.009981, target_mean=0.000246, target_std=0.030221
2026-04-15 04:05:56,641 - INFO - Calibrated Gold_Futures: raw_mean=-0.000376, raw_std=0.004361, target_mean=0.000472, target_std=0.009638
2026-04-15 04:05:56,641 - INFO - Calibrated UST10Y_Treasury_Yield: raw_mean=0.001632, raw_std=0.028437, target_mean=0.000855, target_std=0.052810
2026-04-15 04:05:56,641 - INFO - Calibrated gepu: raw_mean=-2.890336, raw_std=55.289562, target_mean=0.104758, target_std=86.321433
2026-04-15 04:05:56,641 - INFO - Calibrated gpr_daily: raw_mean=0.171171, raw_std=33.405231, target_mean=0.097502, target_std=48.278248
2026-04-15 04:05:56,641 - INFO - Calibrated DFF: raw_mean=0.002216, raw_std=0.011690, target_mean=0.001227, target_std=0.045568
2026-04-15 04:05:56,750 - INFO - Calibrated Silver_Futures: raw_mean=-0.000069, raw_std=0.009495, target_mean=0.000516, target_std=0.019273
2026-04-15 04:05:56,750 - INFO - Calibrated Crude_Oil_Futures: raw_mean=-0.001487, raw_std=0.010903, target_mean=0.000246, target_std=0.030221
2026-04-15 04:05:56,750 - INFO - Calibrated Gold_Futures: raw_mean=-0.000420, raw_std=0.004602, target_mean=0.000472, target_std=0.009638
2026-04-15 04:05:56,750 - INFO - Calibrated UST10Y_Treasury_Yield: raw_mean=-0.000796, raw_std=0.026683, target_mean=0.000855, target_std=0.052810
2026-04-15 04:05:56,750 - INFO - Calibrated gepu: raw_mean=-1.866166, raw_std=57.166599, target_mean=0.104758, target_std=86.321433
2026-04-15 04:05:56,750 - INFO - Calibrated gpr_daily: raw_mean=-1.527932, raw_std=31.986006, target_mean=0.097502, target_std=48.278248
2026-04-15 04:05:56,750 - INFO - Calibrated DFF: raw_mean=0.000330, raw_std=0.011044, target_mean=0.001227, target_std=0.045568
2026-04-15 04:05:56,791 - INFO - --- Training seed 3 for gold_apr2026_train ---
2026-04-15 04:08:02,186 - INFO - Seed 3 Epoch 50/250: D_Loss=1.908679, Total_G_Loss=2.103477
2026-04-15 04:10:12,910 - INFO - Seed 3 Epoch 100/250: D_Loss=1.906414, Total_G_Loss=2.017387
2026-04-15 04:12:16,573 - INFO - Seed 3 Epoch 150/250: D_Loss=1.918436, Total_G_Loss=1.935909
2026-04-15 04:14:21,671 - INFO - Seed 3 Epoch 200/250: D_Loss=1.925267, Total_G_Loss=1.856964
2026-04-15 04:16:25,050 - INFO - Seed 3 Epoch 250/250: D_Loss=1.932603, Total_G_Loss=1.811027
2026-04-15 04:16:25,646 - INFO - Calibrated Silver_Futures: raw_mean=-0.003294, raw_std=0.008673, target_mean=0.000516, target_std=0.019273
2026-04-15 04:16:25,646 - INFO - Calibrated Crude_Oil_Futures: raw_mean=-0.001635, raw_std=0.010343, target_mean=0.000246, target_std=0.030221
2026-04-15 04:16:25,646 - INFO - Calibrated Gold_Futures: raw_mean=-0.001170, raw_std=0.004190, target_mean=0.000472, target_std=0.009638
2026-04-15 04:16:25,646 - INFO - Calibrated UST10Y_Treasury_Yield: raw_mean=0.002287, raw_std=0.026695, target_mean=0.000855, target_std=0.052810
2026-04-15 04:16:25,646 - INFO - Calibrated gepu: raw_mean=-0.501485, raw_std=45.644718, target_mean=0.104758, target_std=86.321433
2026-04-15 04:16:25,647 - INFO - Calibrated gpr_daily: raw_mean=-2.736544, raw_std=34.483360, target_mean=0.097502, target_std=48.278248
2026-04-15 04:16:25,647 - INFO - Calibrated DFF: raw_mean=0.001367, raw_std=0.013690, target_mean=0.001227, target_std=0.045568
2026-04-15 04:16:25,784 - INFO - Calibrated Silver_Futures: raw_mean=-0.003635, raw_std=0.008668, target_mean=0.000516, target_std=0.019273
2026-04-15 04:16:25,784 - INFO - Calibrated Crude_Oil_Futures: raw_mean=-0.002218, raw_std=0.012790, target_mean=0.000246, target_std=0.030221
2026-04-15 04:16:25,784 - INFO - Calibrated Gold_Futures: raw_mean=-0.001620, raw_std=0.004446, target_mean=0.000472, target_std=0.009638
2026-04-15 04:16:25,785 - INFO - Calibrated UST10Y_Treasury_Yield: raw_mean=0.003303, raw_std=0.025865, target_mean=0.000855, target_std=0.052810
2026-04-15 04:16:25,785 - INFO - Calibrated gepu: raw_mean=-1.576681, raw_std=48.146759, target_mean=0.104758, target_std=86.321433
2026-04-15 04:16:25,785 - INFO - Calibrated gpr_daily: raw_mean=-1.824117, raw_std=36.571842, target_mean=0.097502, target_std=48.278248
2026-04-15 04:16:25,785 - INFO - Calibrated DFF: raw_mean=-0.000999, raw_std=0.012836, target_mean=0.001227, target_std=0.045568
2026-04-15 04:16:25,901 - INFO - Calibrated Silver_Futures: raw_mean=-0.000619, raw_std=0.009270, target_mean=0.000516, target_std=0.019273
2026-04-15 04:16:25,901 - INFO - Calibrated Crude_Oil_Futures: raw_mean=0.000665, raw_std=0.011414, target_mean=0.000246, target_std=0.030221
2026-04-15 04:16:25,901 - INFO - Calibrated Gold_Futures: raw_mean=-0.000389, raw_std=0.004599, target_mean=0.000472, target_std=0.009638
2026-04-15 04:16:25,901 - INFO - Calibrated UST10Y_Treasury_Yield: raw_mean=0.002120, raw_std=0.028058, target_mean=0.000855, target_std=0.052810
2026-04-15 04:16:25,901 - INFO - Calibrated gepu: raw_mean=-2.471092, raw_std=54.419945, target_mean=0.104758, target_std=86.321433
2026-04-15 04:16:25,902 - INFO - Calibrated gpr_daily: raw_mean=-1.714758, raw_std=33.126789, target_mean=0.097502, target_std=48.278248
2026-04-15 04:16:25,902 - INFO - Calibrated DFF: raw_mean=-0.002507, raw_std=0.012159, target_mean=0.001227, target_std=0.045568
2026-04-15 04:16:26,011 - INFO - Calibrated Silver_Futures: raw_mean=-0.001425, raw_std=0.008342, target_mean=0.000516, target_std=0.019273
2026-04-15 04:16:26,012 - INFO - Calibrated Crude_Oil_Futures: raw_mean=-0.001557, raw_std=0.010013, target_mean=0.000246, target_std=0.030221
2026-04-15 04:16:26,012 - INFO - Calibrated Gold_Futures: raw_mean=-0.000476, raw_std=0.004218, target_mean=0.000472, target_std=0.009638
2026-04-15 04:16:26,012 - INFO - Calibrated UST10Y_Treasury_Yield: raw_mean=0.000143, raw_std=0.027307, target_mean=0.000855, target_std=0.052810
2026-04-15 04:16:26,012 - INFO - Calibrated gepu: raw_mean=-0.211025, raw_std=43.533318, target_mean=0.104758, target_std=86.321433
2026-04-15 04:16:26,012 - INFO - Calibrated gpr_daily: raw_mean=-1.181537, raw_std=30.477478, target_mean=0.097502, target_std=48.278248
2026-04-15 04:16:26,012 - INFO - Calibrated DFF: raw_mean=0.001512, raw_std=0.009962, target_mean=0.001227, target_std=0.045568
2026-04-15 04:16:26,118 - INFO - Calibrated Silver_Futures: raw_mean=-0.000520, raw_std=0.008835, target_mean=0.000516, target_std=0.019273
2026-04-15 04:16:26,118 - INFO - Calibrated Crude_Oil_Futures: raw_mean=-0.001142, raw_std=0.013420, target_mean=0.000246, target_std=0.030221
2026-04-15 04:16:26,118 - INFO - Calibrated Gold_Futures: raw_mean=-0.000316, raw_std=0.004202, target_mean=0.000472, target_std=0.009638
2026-04-15 04:16:26,118 - INFO - Calibrated UST10Y_Treasury_Yield: raw_mean=0.001526, raw_std=0.027798, target_mean=0.000855, target_std=0.052810
2026-04-15 04:16:26,119 - INFO - Calibrated gepu: raw_mean=-1.887658, raw_std=51.789341, target_mean=0.104758, target_std=86.321433
2026-04-15 04:16:26,119 - INFO - Calibrated gpr_daily: raw_mean=-1.962236, raw_std=30.572933, target_mean=0.097502, target_std=48.278248
2026-04-15 04:16:26,119 - INFO - Calibrated DFF: raw_mean=-0.002464, raw_std=0.012781, target_mean=0.001227, target_std=0.045568
2026-04-15 04:16:26,222 - INFO - Calibrated Silver_Futures: raw_mean=-0.001517, raw_std=0.007362, target_mean=0.000516, target_std=0.019273
2026-04-15 04:16:26,222 - INFO - Calibrated Crude_Oil_Futures: raw_mean=-0.002686, raw_std=0.011857, target_mean=0.000246, target_std=0.030221
2026-04-15 04:16:26,222 - INFO - Calibrated Gold_Futures: raw_mean=-0.000409, raw_std=0.004022, target_mean=0.000472, target_std=0.009638
2026-04-15 04:16:26,222 - INFO - Calibrated UST10Y_Treasury_Yield: raw_mean=-0.001131, raw_std=0.029368, target_mean=0.000855, target_std=0.052810
2026-04-15 04:16:26,222 - INFO - Calibrated gepu: raw_mean=-1.242288, raw_std=55.746414, target_mean=0.104758, target_std=86.321433
2026-04-15 04:16:26,222 - INFO - Calibrated gpr_daily: raw_mean=-0.722824, raw_std=29.782413, target_mean=0.097502, target_std=48.278248
2026-04-15 04:16:26,222 - INFO - Calibrated DFF: raw_mean=0.000549, raw_std=0.012557, target_mean=0.001227, target_std=0.045568
2026-04-15 04:16:26,397 - INFO - Calibrated Silver_Futures: raw_mean=-0.001797, raw_std=0.008306, target_mean=0.000516, target_std=0.019273
2026-04-15 04:16:26,397 - INFO - Calibrated Crude_Oil_Futures: raw_mean=-0.003092, raw_std=0.010198, target_mean=0.000246, target_std=0.030221
2026-04-15 04:16:26,397 - INFO - Calibrated Gold_Futures: raw_mean=-0.000928, raw_std=0.004057, target_mean=0.000472, target_std=0.009638
2026-04-15 04:16:26,397 - INFO - Calibrated UST10Y_Treasury_Yield: raw_mean=0.002177, raw_std=0.025897, target_mean=0.000855, target_std=0.052810
2026-04-15 04:16:26,397 - INFO - Calibrated gepu: raw_mean=0.421130, raw_std=46.050743, target_mean=0.104758, target_std=86.321433
2026-04-15 04:16:26,397 - INFO - Calibrated gpr_daily: raw_mean=-0.519967, raw_std=29.597565, target_mean=0.097502, target_std=48.278248
2026-04-15 04:16:26,397 - INFO - Calibrated DFF: raw_mean=0.000461, raw_std=0.011829, target_mean=0.001227, target_std=0.045568
2026-04-15 04:16:26,504 - INFO - Calibrated Silver_Futures: raw_mean=-0.000569, raw_std=0.010581, target_mean=0.000516, target_std=0.019273
2026-04-15 04:16:26,504 - INFO - Calibrated Crude_Oil_Futures: raw_mean=-0.002357, raw_std=0.012690, target_mean=0.000246, target_std=0.030221
2026-04-15 04:16:26,504 - INFO - Calibrated Gold_Futures: raw_mean=-0.000031, raw_std=0.005289, target_mean=0.000472, target_std=0.009638
2026-04-15 04:16:26,504 - INFO - Calibrated UST10Y_Treasury_Yield: raw_mean=0.000552, raw_std=0.028035, target_mean=0.000855, target_std=0.052810
2026-04-15 04:16:26,504 - INFO - Calibrated gepu: raw_mean=-3.246486, raw_std=50.670292, target_mean=0.104758, target_std=86.321433
2026-04-15 04:16:26,504 - INFO - Calibrated gpr_daily: raw_mean=-1.555837, raw_std=34.812336, target_mean=0.097502, target_std=48.278248
2026-04-15 04:16:26,504 - INFO - Calibrated DFF: raw_mean=-0.000972, raw_std=0.016653, target_mean=0.001227, target_std=0.045568
2026-04-15 04:16:26,614 - INFO - Calibrated Silver_Futures: raw_mean=-0.000331, raw_std=0.008474, target_mean=0.000516, target_std=0.019273
2026-04-15 04:16:26,614 - INFO - Calibrated Crude_Oil_Futures: raw_mean=-0.001499, raw_std=0.011192, target_mean=0.000246, target_std=0.030221
2026-04-15 04:16:26,614 - INFO - Calibrated Gold_Futures: raw_mean=0.000198, raw_std=0.004344, target_mean=0.000472, target_std=0.009638
2026-04-15 04:16:26,614 - INFO - Calibrated UST10Y_Treasury_Yield: raw_mean=-0.001340, raw_std=0.024684, target_mean=0.000855, target_std=0.052810
2026-04-15 04:16:26,614 - INFO - Calibrated gepu: raw_mean=-0.082284, raw_std=38.594200, target_mean=0.104758, target_std=86.321433
2026-04-15 04:16:26,614 - INFO - Calibrated gpr_daily: raw_mean=-0.731598, raw_std=27.296879, target_mean=0.097502, target_std=48.278248
2026-04-15 04:16:26,614 - INFO - Calibrated DFF: raw_mean=-0.001350, raw_std=0.012338, target_mean=0.001227, target_std=0.045568
2026-04-15 04:16:26,721 - INFO - Calibrated Silver_Futures: raw_mean=-0.001684, raw_std=0.008971, target_mean=0.000516, target_std=0.019273
2026-04-15 04:16:26,721 - INFO - Calibrated Crude_Oil_Futures: raw_mean=-0.001817, raw_std=0.010953, target_mean=0.000246, target_std=0.030221
2026-04-15 04:16:26,721 - INFO - Calibrated Gold_Futures: raw_mean=-0.000370, raw_std=0.004640, target_mean=0.000472, target_std=0.009638
2026-04-15 04:16:26,721 - INFO - Calibrated UST10Y_Treasury_Yield: raw_mean=-0.000659, raw_std=0.027926, target_mean=0.000855, target_std=0.052810
2026-04-15 04:16:26,722 - INFO - Calibrated gepu: raw_mean=-0.890896, raw_std=47.066551, target_mean=0.104758, target_std=86.321433
2026-04-15 04:16:26,722 - INFO - Calibrated gpr_daily: raw_mean=-1.530051, raw_std=31.894272, target_mean=0.097502, target_std=48.278248
2026-04-15 04:16:26,722 - INFO - Calibrated DFF: raw_mean=-0.000881, raw_std=0.010662, target_mean=0.001227, target_std=0.045568
2026-04-15 04:16:26,828 - INFO - Calibrated Silver_Futures: raw_mean=-0.000537, raw_std=0.010617, target_mean=0.000516, target_std=0.019273
2026-04-15 04:16:26,828 - INFO - Calibrated Crude_Oil_Futures: raw_mean=-0.001851, raw_std=0.012265, target_mean=0.000246, target_std=0.030221
2026-04-15 04:16:26,828 - INFO - Calibrated Gold_Futures: raw_mean=-0.000237, raw_std=0.005522, target_mean=0.000472, target_std=0.009638
2026-04-15 04:16:26,828 - INFO - Calibrated UST10Y_Treasury_Yield: raw_mean=0.001783, raw_std=0.027693, target_mean=0.000855, target_std=0.052810
2026-04-15 04:16:26,828 - INFO - Calibrated gepu: raw_mean=-1.008864, raw_std=54.840054, target_mean=0.104758, target_std=86.321433
2026-04-15 04:16:26,828 - INFO - Calibrated gpr_daily: raw_mean=-1.195152, raw_std=35.210026, target_mean=0.097502, target_std=48.278248
2026-04-15 04:16:26,828 - INFO - Calibrated DFF: raw_mean=-0.000871, raw_std=0.012443, target_mean=0.001227, target_std=0.045568
2026-04-15 04:16:26,933 - INFO - Calibrated Silver_Futures: raw_mean=-0.002404, raw_std=0.009651, target_mean=0.000516, target_std=0.019273
2026-04-15 04:16:26,933 - INFO - Calibrated Crude_Oil_Futures: raw_mean=-0.001573, raw_std=0.011093, target_mean=0.000246, target_std=0.030221
2026-04-15 04:16:26,933 - INFO - Calibrated Gold_Futures: raw_mean=-0.001041, raw_std=0.004763, target_mean=0.000472, target_std=0.009638
2026-04-15 04:16:26,933 - INFO - Calibrated UST10Y_Treasury_Yield: raw_mean=0.002096, raw_std=0.024053, target_mean=0.000855, target_std=0.052810
2026-04-15 04:16:26,933 - INFO - Calibrated gepu: raw_mean=-0.605135, raw_std=43.507595, target_mean=0.104758, target_std=86.321433
2026-04-15 04:16:26,933 - INFO - Calibrated gpr_daily: raw_mean=-1.731823, raw_std=31.395737, target_mean=0.097502, target_std=48.278248
2026-04-15 04:16:26,933 - INFO - Calibrated DFF: raw_mean=-0.000589, raw_std=0.011615, target_mean=0.001227, target_std=0.045568
2026-04-15 04:16:26,978 - INFO - Selected best seed metrics: {'avg_vol_gap': 0.011833599505144222, 'max_vol_gap': 0.011834627870039416, 'avg_mean_gap_z': 1.984632719595755e-08, 'avg_ks_stat': 0.10448579094432522, 'avg_acf_gap': 0.1182687975560601, 'corr_gap': 0.02070317359036982, 'full_avg_ks_stat': 0.10299188599868685, 'recent_avg_ks_stat': 0.10548172757475083, 'full_avg_acf_gap': 0.1193926644861437, 'recent_avg_acf_gap': 0.11751955293600434, 'full_corr_gap': 1.2866615211907725e-06, 'recent_corr_gap': 0.034504431542935574, 'quality_score': 0.6387377797993665, 'quality_label': 'usable_with_caution', 'candidate': 8, 'seed': 3}
2026-04-15 04:16:26,980 - INFO - Reconstructing price path starting from: {'Silver_Futures': np.float64(74.919), 'Crude_Oil_Futures': np.float64(101.38), 'Gold_Futures': np.float64(4678.6), 'UST10Y_Treasury_Yield': np.float64(4.311), 'gepu': np.float64(385.82), 'gpr_daily': np.float64(418.6615295410156), 'DFF': np.float64(3.64)}
2026-04-15 04:16:26,981 - INFO - --- VALIDATION METRICS (Additional Detail) ---
2026-04-15 04:16:26,982 - INFO - [Silver_Futures] Hist_Std: 0.019270, Gen_Std: 0.019273, Err: 0.02%, Hist_Mean: 0.000516, Gen_Mean: 0.000516
2026-04-15 04:16:26,982 - INFO - [Crude_Oil_Futures] Hist_Std: 0.030216, Gen_Std: 0.030221, Err: 0.02%, Hist_Mean: 0.000246, Gen_Mean: 0.000246
2026-04-15 04:16:26,983 - INFO - [Gold_Futures] Hist_Std: 0.009636, Gen_Std: 0.009638, Err: 0.02%, Hist_Mean: 0.000472, Gen_Mean: 0.000472
2026-04-15 04:16:26,983 - INFO - [UST10Y_Treasury_Yield] Hist_Std: 0.052801, Gen_Std: 0.052810, Err: 0.02%, Hist_Mean: 0.000855, Gen_Mean: 0.000855
2026-04-15 04:16:26,983 - INFO - [gepu] Hist_Std: 86.306388, Gen_Std: 86.321426, Err: 0.02%, Hist_Mean: 0.104758, Gen_Mean: 0.104759
2026-04-15 04:16:26,983 - INFO - [gpr_daily] Hist_Std: 48.269833, Gen_Std: 48.278244, Err: 0.02%, Hist_Mean: 0.097502, Gen_Mean: 0.097502
2026-04-15 04:16:26,984 - INFO - [DFF] Hist_Std: 0.045560, Gen_Std: 0.045568, Err: 0.02%, Hist_Mean: 0.001227, Gen_Mean: 0.001227
2026-04-15 04:16:27,234 - INFO - Finalized and saved extended data to C:\Users\User\Gold-Silver-Forcasting_USA_EPU\gold_apr2026_train_extended.csv
2026-04-15 04:16:27,250 - INFO - --- Starting Stationary Returns Pipeline for silver_apr2026_train ---
2026-04-15 04:16:27,274 - INFO - Detected Price columns: ['Silver_Futures', 'Gold_Futures', 'US30', 'SnP500', 'NASDAQ_100']
2026-04-15 04:16:27,274 - INFO - Detected Rate/Index columns: ['USD_index']
2026-04-15 04:16:27,283 - INFO - Normalized stationary data with mean: [0.00053151 0.0004863  0.00034625 0.00041437 0.00061277 0.00063578] and scale: [0.01954856 0.00981282 0.01103464 0.01126257 0.01397034 0.43247624]
2026-04-15 04:16:27,299 - INFO - Generating future synthetic data from 2026-03-31 through 2026-05-31 for 43 business days.
2026-04-15 04:16:27,299 - INFO - Correlation alignment columns for silver_apr2026_train: ['Silver_Futures', 'Gold_Futures', 'US30', 'SnP500', 'NASDAQ_100', 'USD_index']
2026-04-15 04:16:27,299 - INFO - Starting training loop...
2026-04-15 04:16:27,299 - INFO - Training config: batch_size=512, epochs=250, n_critic=3, amp=False, workers=0, candidates=12, seeds=[0, 1, 2, 3], gen_hidden=128, disc_hidden=128, gen_dropout=0.1, lr_g=0.0002, lr_d=0.0002
2026-04-15 04:16:27,305 - INFO - --- Training seed 0 for silver_apr2026_train ---
2026-04-15 04:18:31,169 - INFO - Seed 0 Epoch 50/250: D_Loss=1.910436, Total_G_Loss=2.176087
2026-04-15 04:20:33,887 - INFO - Seed 0 Epoch 100/250: D_Loss=1.901857, Total_G_Loss=2.084078
2026-04-15 04:22:35,706 - INFO - Seed 0 Epoch 150/250: D_Loss=1.910085, Total_G_Loss=1.987209
2026-04-15 04:24:40,694 - INFO - Seed 0 Epoch 200/250: D_Loss=1.915307, Total_G_Loss=1.928389
2026-04-15 04:26:44,329 - INFO - Seed 0 Epoch 250/250: D_Loss=1.926848, Total_G_Loss=1.791348
2026-04-15 04:26:44,847 - INFO - Calibrated Silver_Futures: raw_mean=0.005372, raw_std=0.008167, target_mean=0.000532, target_std=0.019552
2026-04-15 04:26:44,847 - INFO - Calibrated Gold_Futures: raw_mean=0.002505, raw_std=0.004316, target_mean=0.000486, target_std=0.009815
2026-04-15 04:26:44,847 - INFO - Calibrated US30: raw_mean=0.000241, raw_std=0.005419, target_mean=0.000346, target_std=0.011037
2026-04-15 04:26:44,847 - INFO - Calibrated SnP500: raw_mean=0.000415, raw_std=0.005668, target_mean=0.000414, target_std=0.011265
2026-04-15 04:26:44,847 - INFO - Calibrated NASDAQ_100: raw_mean=0.000345, raw_std=0.006984, target_mean=0.000613, target_std=0.013973
2026-04-15 04:26:44,847 - INFO - Calibrated USD_index: raw_mean=-0.028431, raw_std=0.215835, target_mean=0.000636, target_std=0.432554
2026-04-15 04:26:44,985 - INFO - Calibrated Silver_Futures: raw_mean=0.001526, raw_std=0.008664, target_mean=0.000532, target_std=0.019552
2026-04-15 04:26:44,985 - INFO - Calibrated Gold_Futures: raw_mean=0.000733, raw_std=0.004565, target_mean=0.000486, target_std=0.009815
2026-04-15 04:26:44,985 - INFO - Calibrated US30: raw_mean=-0.000093, raw_std=0.005113, target_mean=0.000346, target_std=0.011037
2026-04-15 04:26:44,986 - INFO - Calibrated SnP500: raw_mean=0.000171, raw_std=0.005394, target_mean=0.000414, target_std=0.011265
2026-04-15 04:26:44,986 - INFO - Calibrated NASDAQ_100: raw_mean=0.000216, raw_std=0.006725, target_mean=0.000613, target_std=0.013973
2026-04-15 04:26:44,986 - INFO - Calibrated USD_index: raw_mean=0.017580, raw_std=0.220337, target_mean=0.000636, target_std=0.432554
2026-04-15 04:26:45,094 - INFO - Calibrated Silver_Futures: raw_mean=0.004579, raw_std=0.008242, target_mean=0.000532, target_std=0.019552
2026-04-15 04:26:45,094 - INFO - Calibrated Gold_Futures: raw_mean=0.002126, raw_std=0.004536, target_mean=0.000486, target_std=0.009815
2026-04-15 04:26:45,094 - INFO - Calibrated US30: raw_mean=0.000570, raw_std=0.004996, target_mean=0.000346, target_std=0.011037
2026-04-15 04:26:45,094 - INFO - Calibrated SnP500: raw_mean=0.000919, raw_std=0.005205, target_mean=0.000414, target_std=0.011265
2026-04-15 04:26:45,094 - INFO - Calibrated NASDAQ_100: raw_mean=0.000907, raw_std=0.006452, target_mean=0.000613, target_std=0.013973
2026-04-15 04:26:45,094 - INFO - Calibrated USD_index: raw_mean=-0.007096, raw_std=0.192257, target_mean=0.000636, target_std=0.432554
2026-04-15 04:26:45,211 - INFO - Calibrated Silver_Futures: raw_mean=0.005266, raw_std=0.010522, target_mean=0.000532, target_std=0.019552
2026-04-15 04:26:45,212 - INFO - Calibrated Gold_Futures: raw_mean=0.002553, raw_std=0.005393, target_mean=0.000486, target_std=0.009815
2026-04-15 04:26:45,212 - INFO - Calibrated US30: raw_mean=0.000041, raw_std=0.006094, target_mean=0.000346, target_std=0.011037
2026-04-15 04:26:45,212 - INFO - Calibrated SnP500: raw_mean=0.000312, raw_std=0.006435, target_mean=0.000414, target_std=0.011265
2026-04-15 04:26:45,212 - INFO - Calibrated NASDAQ_100: raw_mean=0.000252, raw_std=0.007974, target_mean=0.000613, target_std=0.013973
2026-04-15 04:26:45,212 - INFO - Calibrated USD_index: raw_mean=-0.038859, raw_std=0.238854, target_mean=0.000636, target_std=0.432554
2026-04-15 04:26:45,330 - INFO - Calibrated Silver_Futures: raw_mean=0.003706, raw_std=0.009452, target_mean=0.000532, target_std=0.019552
2026-04-15 04:26:45,331 - INFO - Calibrated Gold_Futures: raw_mean=0.002217, raw_std=0.004842, target_mean=0.000486, target_std=0.009815
2026-04-15 04:26:45,331 - INFO - Calibrated US30: raw_mean=-0.000301, raw_std=0.004851, target_mean=0.000346, target_std=0.011037
2026-04-15 04:26:45,331 - INFO - Calibrated SnP500: raw_mean=-0.000045, raw_std=0.005006, target_mean=0.000414, target_std=0.011265
2026-04-15 04:26:45,331 - INFO - Calibrated NASDAQ_100: raw_mean=-0.000197, raw_std=0.006179, target_mean=0.000613, target_std=0.013973
2026-04-15 04:26:45,331 - INFO - Calibrated USD_index: raw_mean=-0.027605, raw_std=0.198743, target_mean=0.000636, target_std=0.432554
2026-04-15 04:26:45,450 - INFO - Calibrated Silver_Futures: raw_mean=0.003025, raw_std=0.009012, target_mean=0.000532, target_std=0.019552
2026-04-15 04:26:45,450 - INFO - Calibrated Gold_Futures: raw_mean=0.001574, raw_std=0.004712, target_mean=0.000486, target_std=0.009815
2026-04-15 04:26:45,450 - INFO - Calibrated US30: raw_mean=-0.000063, raw_std=0.005083, target_mean=0.000346, target_std=0.011037
2026-04-15 04:26:45,450 - INFO - Calibrated SnP500: raw_mean=-0.000001, raw_std=0.005336, target_mean=0.000414, target_std=0.011265
2026-04-15 04:26:45,450 - INFO - Calibrated NASDAQ_100: raw_mean=-0.000121, raw_std=0.006588, target_mean=0.000613, target_std=0.013973
2026-04-15 04:26:45,450 - INFO - Calibrated USD_index: raw_mean=-0.004190, raw_std=0.234320, target_mean=0.000636, target_std=0.432554
2026-04-15 04:26:45,565 - INFO - Calibrated Silver_Futures: raw_mean=0.002421, raw_std=0.009751, target_mean=0.000532, target_std=0.019552
2026-04-15 04:26:45,565 - INFO - Calibrated Gold_Futures: raw_mean=0.001179, raw_std=0.005182, target_mean=0.000486, target_std=0.009815
2026-04-15 04:26:45,565 - INFO - Calibrated US30: raw_mean=-0.000112, raw_std=0.005526, target_mean=0.000346, target_std=0.011037
2026-04-15 04:26:45,565 - INFO - Calibrated SnP500: raw_mean=0.000228, raw_std=0.005845, target_mean=0.000414, target_std=0.011265
2026-04-15 04:26:45,565 - INFO - Calibrated NASDAQ_100: raw_mean=0.000113, raw_std=0.007244, target_mean=0.000613, target_std=0.013973
2026-04-15 04:26:45,565 - INFO - Calibrated USD_index: raw_mean=-0.019591, raw_std=0.253773, target_mean=0.000636, target_std=0.432554
2026-04-15 04:26:45,677 - INFO - Calibrated Silver_Futures: raw_mean=0.004071, raw_std=0.009158, target_mean=0.000532, target_std=0.019552
2026-04-15 04:26:45,677 - INFO - Calibrated Gold_Futures: raw_mean=0.001838, raw_std=0.005012, target_mean=0.000486, target_std=0.009815
2026-04-15 04:26:45,677 - INFO - Calibrated US30: raw_mean=-0.000266, raw_std=0.005798, target_mean=0.000346, target_std=0.011037
2026-04-15 04:26:45,677 - INFO - Calibrated SnP500: raw_mean=-0.000066, raw_std=0.006061, target_mean=0.000414, target_std=0.011265
2026-04-15 04:26:45,677 - INFO - Calibrated NASDAQ_100: raw_mean=-0.000150, raw_std=0.007622, target_mean=0.000613, target_std=0.013973
2026-04-15 04:26:45,677 - INFO - Calibrated USD_index: raw_mean=-0.014805, raw_std=0.243745, target_mean=0.000636, target_std=0.432554
2026-04-15 04:26:45,787 - INFO - Calibrated Silver_Futures: raw_mean=0.004505, raw_std=0.008971, target_mean=0.000532, target_std=0.019552
2026-04-15 04:26:45,787 - INFO - Calibrated Gold_Futures: raw_mean=0.002081, raw_std=0.005018, target_mean=0.000486, target_std=0.009815
2026-04-15 04:26:45,787 - INFO - Calibrated US30: raw_mean=0.000017, raw_std=0.006033, target_mean=0.000346, target_std=0.011037
2026-04-15 04:26:45,787 - INFO - Calibrated SnP500: raw_mean=0.000273, raw_std=0.006262, target_mean=0.000414, target_std=0.011265
2026-04-15 04:26:45,787 - INFO - Calibrated NASDAQ_100: raw_mean=0.000198, raw_std=0.007760, target_mean=0.000613, target_std=0.013973
2026-04-15 04:26:45,787 - INFO - Calibrated USD_index: raw_mean=-0.025177, raw_std=0.228955, target_mean=0.000636, target_std=0.432554
2026-04-15 04:26:45,903 - INFO - Calibrated Silver_Futures: raw_mean=0.002298, raw_std=0.009043, target_mean=0.000532, target_std=0.019552
2026-04-15 04:26:45,903 - INFO - Calibrated Gold_Futures: raw_mean=0.001012, raw_std=0.004568, target_mean=0.000486, target_std=0.009815
2026-04-15 04:26:45,903 - INFO - Calibrated US30: raw_mean=-0.000179, raw_std=0.005743, target_mean=0.000346, target_std=0.011037
2026-04-15 04:26:45,903 - INFO - Calibrated SnP500: raw_mean=0.000045, raw_std=0.006049, target_mean=0.000414, target_std=0.011265
2026-04-15 04:26:45,903 - INFO - Calibrated NASDAQ_100: raw_mean=0.000052, raw_std=0.007583, target_mean=0.000613, target_std=0.013973
2026-04-15 04:26:45,903 - INFO - Calibrated USD_index: raw_mean=-0.016565, raw_std=0.216585, target_mean=0.000636, target_std=0.432554
2026-04-15 04:26:46,006 - INFO - Calibrated Silver_Futures: raw_mean=0.003656, raw_std=0.009486, target_mean=0.000532, target_std=0.019552
2026-04-15 04:26:46,006 - INFO - Calibrated Gold_Futures: raw_mean=0.001829, raw_std=0.005173, target_mean=0.000486, target_std=0.009815
2026-04-15 04:26:46,006 - INFO - Calibrated US30: raw_mean=-0.000281, raw_std=0.005877, target_mean=0.000346, target_std=0.011037
2026-04-15 04:26:46,006 - INFO - Calibrated SnP500: raw_mean=-0.000177, raw_std=0.006139, target_mean=0.000414, target_std=0.011265
2026-04-15 04:26:46,006 - INFO - Calibrated NASDAQ_100: raw_mean=-0.000179, raw_std=0.007700, target_mean=0.000613, target_std=0.013973
2026-04-15 04:26:46,006 - INFO - Calibrated USD_index: raw_mean=-0.032577, raw_std=0.223472, target_mean=0.000636, target_std=0.432554
2026-04-15 04:26:46,118 - INFO - Calibrated Silver_Futures: raw_mean=0.003258, raw_std=0.009512, target_mean=0.000532, target_std=0.019552
2026-04-15 04:26:46,118 - INFO - Calibrated Gold_Futures: raw_mean=0.001312, raw_std=0.005056, target_mean=0.000486, target_std=0.009815
2026-04-15 04:26:46,118 - INFO - Calibrated US30: raw_mean=0.000629, raw_std=0.005525, target_mean=0.000346, target_std=0.011037
2026-04-15 04:26:46,118 - INFO - Calibrated SnP500: raw_mean=0.000920, raw_std=0.005754, target_mean=0.000414, target_std=0.011265
2026-04-15 04:26:46,118 - INFO - Calibrated NASDAQ_100: raw_mean=0.001017, raw_std=0.007127, target_mean=0.000613, target_std=0.013973
2026-04-15 04:26:46,118 - INFO - Calibrated USD_index: raw_mean=-0.007463, raw_std=0.234245, target_mean=0.000636, target_std=0.432554
2026-04-15 04:26:46,167 - INFO - --- Training seed 1 for silver_apr2026_train ---
2026-04-15 04:28:48,070 - INFO - Seed 1 Epoch 50/250: D_Loss=1.892685, Total_G_Loss=2.096217
2026-04-15 04:30:58,818 - INFO - Seed 1 Epoch 100/250: D_Loss=1.909475, Total_G_Loss=2.042596
2026-04-15 04:32:58,594 - INFO - Seed 1 Epoch 150/250: D_Loss=1.915086, Total_G_Loss=1.930732
2026-04-15 04:35:00,257 - INFO - Seed 1 Epoch 200/250: D_Loss=1.924311, Total_G_Loss=1.885679
2026-04-15 04:37:06,540 - INFO - Seed 1 Epoch 250/250: D_Loss=1.931223, Total_G_Loss=1.848434
2026-04-15 04:37:07,063 - INFO - Calibrated Silver_Futures: raw_mean=0.000509, raw_std=0.009053, target_mean=0.000532, target_std=0.019552
2026-04-15 04:37:07,063 - INFO - Calibrated Gold_Futures: raw_mean=0.000418, raw_std=0.004456, target_mean=0.000486, target_std=0.009815
2026-04-15 04:37:07,064 - INFO - Calibrated US30: raw_mean=-0.000137, raw_std=0.004912, target_mean=0.000346, target_std=0.011037
2026-04-15 04:37:07,064 - INFO - Calibrated SnP500: raw_mean=0.000014, raw_std=0.005335, target_mean=0.000414, target_std=0.011265
2026-04-15 04:37:07,064 - INFO - Calibrated NASDAQ_100: raw_mean=-0.000095, raw_std=0.006661, target_mean=0.000613, target_std=0.013973
2026-04-15 04:37:07,064 - INFO - Calibrated USD_index: raw_mean=-0.020826, raw_std=0.209921, target_mean=0.000636, target_std=0.432554
2026-04-15 04:37:07,211 - INFO - Calibrated Silver_Futures: raw_mean=0.002103, raw_std=0.008887, target_mean=0.000532, target_std=0.019552
2026-04-15 04:37:07,211 - INFO - Calibrated Gold_Futures: raw_mean=0.001405, raw_std=0.004375, target_mean=0.000486, target_std=0.009815
2026-04-15 04:37:07,212 - INFO - Calibrated US30: raw_mean=-0.000565, raw_std=0.004418, target_mean=0.000346, target_std=0.011037
2026-04-15 04:37:07,212 - INFO - Calibrated SnP500: raw_mean=-0.000344, raw_std=0.004620, target_mean=0.000414, target_std=0.011265
2026-04-15 04:37:07,212 - INFO - Calibrated NASDAQ_100: raw_mean=-0.000670, raw_std=0.005637, target_mean=0.000613, target_std=0.013973
2026-04-15 04:37:07,212 - INFO - Calibrated USD_index: raw_mean=-0.047675, raw_std=0.194527, target_mean=0.000636, target_std=0.432554
2026-04-15 04:37:07,336 - INFO - Calibrated Silver_Futures: raw_mean=-0.001204, raw_std=0.011228, target_mean=0.000532, target_std=0.019552
2026-04-15 04:37:07,336 - INFO - Calibrated Gold_Futures: raw_mean=-0.000075, raw_std=0.005623, target_mean=0.000486, target_std=0.009815
2026-04-15 04:37:07,336 - INFO - Calibrated US30: raw_mean=-0.001749, raw_std=0.005179, target_mean=0.000346, target_std=0.011037
2026-04-15 04:37:07,336 - INFO - Calibrated SnP500: raw_mean=-0.001634, raw_std=0.005658, target_mean=0.000414, target_std=0.011265
2026-04-15 04:37:07,336 - INFO - Calibrated NASDAQ_100: raw_mean=-0.002192, raw_std=0.007213, target_mean=0.000613, target_std=0.013973
2026-04-15 04:37:07,336 - INFO - Calibrated USD_index: raw_mean=0.007914, raw_std=0.239664, target_mean=0.000636, target_std=0.432554
2026-04-15 04:37:07,469 - INFO - Calibrated Silver_Futures: raw_mean=0.003612, raw_std=0.009847, target_mean=0.000532, target_std=0.019552
2026-04-15 04:37:07,469 - INFO - Calibrated Gold_Futures: raw_mean=0.001966, raw_std=0.004874, target_mean=0.000486, target_std=0.009815
2026-04-15 04:37:07,469 - INFO - Calibrated US30: raw_mean=0.000524, raw_std=0.004642, target_mean=0.000346, target_std=0.011037
2026-04-15 04:37:07,469 - INFO - Calibrated SnP500: raw_mean=0.000815, raw_std=0.005039, target_mean=0.000414, target_std=0.011265
2026-04-15 04:37:07,469 - INFO - Calibrated NASDAQ_100: raw_mean=0.000546, raw_std=0.006812, target_mean=0.000613, target_std=0.013973
2026-04-15 04:37:07,469 - INFO - Calibrated USD_index: raw_mean=-0.069903, raw_std=0.231359, target_mean=0.000636, target_std=0.432554
2026-04-15 04:37:07,596 - INFO - Calibrated Silver_Futures: raw_mean=0.002260, raw_std=0.009336, target_mean=0.000532, target_std=0.019552
2026-04-15 04:37:07,596 - INFO - Calibrated Gold_Futures: raw_mean=0.001112, raw_std=0.004578, target_mean=0.000486, target_std=0.009815
2026-04-15 04:37:07,596 - INFO - Calibrated US30: raw_mean=0.000402, raw_std=0.005073, target_mean=0.000346, target_std=0.011037
2026-04-15 04:37:07,596 - INFO - Calibrated SnP500: raw_mean=0.000553, raw_std=0.005442, target_mean=0.000414, target_std=0.011265
2026-04-15 04:37:07,596 - INFO - Calibrated NASDAQ_100: raw_mean=0.000584, raw_std=0.006850, target_mean=0.000613, target_std=0.013973
2026-04-15 04:37:07,596 - INFO - Calibrated USD_index: raw_mean=-0.045031, raw_std=0.202966, target_mean=0.000636, target_std=0.432554
2026-04-15 04:37:07,722 - INFO - Calibrated Silver_Futures: raw_mean=0.001924, raw_std=0.010705, target_mean=0.000532, target_std=0.019552
2026-04-15 04:37:07,722 - INFO - Calibrated Gold_Futures: raw_mean=0.001341, raw_std=0.005096, target_mean=0.000486, target_std=0.009815
2026-04-15 04:37:07,722 - INFO - Calibrated US30: raw_mean=-0.000512, raw_std=0.005214, target_mean=0.000346, target_std=0.011037
2026-04-15 04:37:07,722 - INFO - Calibrated SnP500: raw_mean=-0.000426, raw_std=0.005648, target_mean=0.000414, target_std=0.011265
2026-04-15 04:37:07,722 - INFO - Calibrated NASDAQ_100: raw_mean=-0.000856, raw_std=0.007339, target_mean=0.000613, target_std=0.013973
2026-04-15 04:37:07,722 - INFO - Calibrated USD_index: raw_mean=-0.046787, raw_std=0.237686, target_mean=0.000636, target_std=0.432554
2026-04-15 04:37:07,828 - INFO - Calibrated Silver_Futures: raw_mean=0.002200, raw_std=0.009763, target_mean=0.000532, target_std=0.019552
2026-04-15 04:37:07,828 - INFO - Calibrated Gold_Futures: raw_mean=0.001407, raw_std=0.004732, target_mean=0.000486, target_std=0.009815
2026-04-15 04:37:07,828 - INFO - Calibrated US30: raw_mean=-0.000326, raw_std=0.005073, target_mean=0.000346, target_std=0.011037
2026-04-15 04:37:07,828 - INFO - Calibrated SnP500: raw_mean=-0.000258, raw_std=0.005418, target_mean=0.000414, target_std=0.011265
2026-04-15 04:37:07,829 - INFO - Calibrated NASDAQ_100: raw_mean=-0.000651, raw_std=0.006955, target_mean=0.000613, target_std=0.013973
2026-04-15 04:37:07,829 - INFO - Calibrated USD_index: raw_mean=-0.062860, raw_std=0.219621, target_mean=0.000636, target_std=0.432554
2026-04-15 04:37:07,953 - INFO - Calibrated Silver_Futures: raw_mean=0.000290, raw_std=0.008630, target_mean=0.000532, target_std=0.019552
2026-04-15 04:37:07,953 - INFO - Calibrated Gold_Futures: raw_mean=0.000104, raw_std=0.004290, target_mean=0.000486, target_std=0.009815
2026-04-15 04:37:07,953 - INFO - Calibrated US30: raw_mean=-0.000625, raw_std=0.005179, target_mean=0.000346, target_std=0.011037
2026-04-15 04:37:07,953 - INFO - Calibrated SnP500: raw_mean=-0.000457, raw_std=0.005500, target_mean=0.000414, target_std=0.011265
2026-04-15 04:37:07,953 - INFO - Calibrated NASDAQ_100: raw_mean=-0.000556, raw_std=0.006850, target_mean=0.000613, target_std=0.013973
2026-04-15 04:37:07,953 - INFO - Calibrated USD_index: raw_mean=-0.007945, raw_std=0.203434, target_mean=0.000636, target_std=0.432554
2026-04-15 04:37:08,072 - INFO - Calibrated Silver_Futures: raw_mean=0.001453, raw_std=0.009611, target_mean=0.000532, target_std=0.019552
2026-04-15 04:37:08,072 - INFO - Calibrated Gold_Futures: raw_mean=0.000972, raw_std=0.004676, target_mean=0.000486, target_std=0.009815
2026-04-15 04:37:08,072 - INFO - Calibrated US30: raw_mean=0.000491, raw_std=0.005809, target_mean=0.000346, target_std=0.011037
2026-04-15 04:37:08,072 - INFO - Calibrated SnP500: raw_mean=0.000700, raw_std=0.006128, target_mean=0.000414, target_std=0.011265
2026-04-15 04:37:08,072 - INFO - Calibrated NASDAQ_100: raw_mean=0.000703, raw_std=0.007831, target_mean=0.000613, target_std=0.013973
2026-04-15 04:37:08,073 - INFO - Calibrated USD_index: raw_mean=-0.027897, raw_std=0.208568, target_mean=0.000636, target_std=0.432554
2026-04-15 04:37:08,182 - INFO - Calibrated Silver_Futures: raw_mean=0.000372, raw_std=0.008542, target_mean=0.000532, target_std=0.019552
2026-04-15 04:37:08,183 - INFO - Calibrated Gold_Futures: raw_mean=0.000588, raw_std=0.004353, target_mean=0.000486, target_std=0.009815
2026-04-15 04:37:08,183 - INFO - Calibrated US30: raw_mean=-0.000326, raw_std=0.005534, target_mean=0.000346, target_std=0.011037
2026-04-15 04:37:08,183 - INFO - Calibrated SnP500: raw_mean=-0.000128, raw_std=0.005847, target_mean=0.000414, target_std=0.011265
2026-04-15 04:37:08,183 - INFO - Calibrated NASDAQ_100: raw_mean=-0.000166, raw_std=0.007265, target_mean=0.000613, target_std=0.013973
2026-04-15 04:37:08,183 - INFO - Calibrated USD_index: raw_mean=-0.010391, raw_std=0.183192, target_mean=0.000636, target_std=0.432554
2026-04-15 04:37:08,297 - INFO - Calibrated Silver_Futures: raw_mean=0.001116, raw_std=0.008119, target_mean=0.000532, target_std=0.019552
2026-04-15 04:37:08,297 - INFO - Calibrated Gold_Futures: raw_mean=0.000779, raw_std=0.004190, target_mean=0.000486, target_std=0.009815
2026-04-15 04:37:08,297 - INFO - Calibrated US30: raw_mean=-0.000041, raw_std=0.005042, target_mean=0.000346, target_std=0.011037
2026-04-15 04:37:08,297 - INFO - Calibrated SnP500: raw_mean=0.000181, raw_std=0.005453, target_mean=0.000414, target_std=0.011265
2026-04-15 04:37:08,297 - INFO - Calibrated NASDAQ_100: raw_mean=0.000305, raw_std=0.006816, target_mean=0.000613, target_std=0.013973
2026-04-15 04:37:08,297 - INFO - Calibrated USD_index: raw_mean=-0.024848, raw_std=0.194484, target_mean=0.000636, target_std=0.432554
2026-04-15 04:37:08,401 - INFO - Calibrated Silver_Futures: raw_mean=0.000205, raw_std=0.009401, target_mean=0.000532, target_std=0.019552
2026-04-15 04:37:08,401 - INFO - Calibrated Gold_Futures: raw_mean=0.000316, raw_std=0.004579, target_mean=0.000486, target_std=0.009815
2026-04-15 04:37:08,401 - INFO - Calibrated US30: raw_mean=-0.000213, raw_std=0.004573, target_mean=0.000346, target_std=0.011037
2026-04-15 04:37:08,402 - INFO - Calibrated SnP500: raw_mean=0.000073, raw_std=0.005064, target_mean=0.000414, target_std=0.011265
2026-04-15 04:37:08,402 - INFO - Calibrated NASDAQ_100: raw_mean=0.000102, raw_std=0.006424, target_mean=0.000613, target_std=0.013973
2026-04-15 04:37:08,402 - INFO - Calibrated USD_index: raw_mean=-0.014081, raw_std=0.203610, target_mean=0.000636, target_std=0.432554
2026-04-15 04:37:08,452 - INFO - --- Training seed 2 for silver_apr2026_train ---
2026-04-15 04:39:15,528 - INFO - Seed 2 Epoch 50/250: D_Loss=1.904729, Total_G_Loss=2.185211
2026-04-15 04:41:18,614 - INFO - Seed 2 Epoch 100/250: D_Loss=1.909588, Total_G_Loss=2.075577
2026-04-15 04:43:11,939 - INFO - Seed 2 Epoch 150/250: D_Loss=1.910909, Total_G_Loss=1.918448
2026-04-15 04:45:13,570 - INFO - Seed 2 Epoch 200/250: D_Loss=1.920852, Total_G_Loss=1.858534
2026-04-15 04:47:17,766 - INFO - Seed 2 Epoch 250/250: D_Loss=1.927215, Total_G_Loss=1.834893
2026-04-15 04:47:18,417 - INFO - Calibrated Silver_Futures: raw_mean=-0.003202, raw_std=0.009867, target_mean=0.000532, target_std=0.019552
2026-04-15 04:47:18,417 - INFO - Calibrated Gold_Futures: raw_mean=-0.001836, raw_std=0.004775, target_mean=0.000486, target_std=0.009815
2026-04-15 04:47:18,417 - INFO - Calibrated US30: raw_mean=-0.000501, raw_std=0.006791, target_mean=0.000346, target_std=0.011037
2026-04-15 04:47:18,417 - INFO - Calibrated SnP500: raw_mean=-0.000287, raw_std=0.007112, target_mean=0.000414, target_std=0.011265
2026-04-15 04:47:18,417 - INFO - Calibrated NASDAQ_100: raw_mean=-0.000064, raw_std=0.008915, target_mean=0.000613, target_std=0.013973
2026-04-15 04:47:18,417 - INFO - Calibrated USD_index: raw_mean=0.066639, raw_std=0.228918, target_mean=0.000636, target_std=0.432554
2026-04-15 04:47:18,623 - INFO - Calibrated Silver_Futures: raw_mean=-0.001600, raw_std=0.009675, target_mean=0.000532, target_std=0.019552
2026-04-15 04:47:18,623 - INFO - Calibrated Gold_Futures: raw_mean=-0.000896, raw_std=0.004847, target_mean=0.000486, target_std=0.009815
2026-04-15 04:47:18,623 - INFO - Calibrated US30: raw_mean=-0.000795, raw_std=0.006281, target_mean=0.000346, target_std=0.011037
2026-04-15 04:47:18,623 - INFO - Calibrated SnP500: raw_mean=-0.000519, raw_std=0.006589, target_mean=0.000414, target_std=0.011265
2026-04-15 04:47:18,623 - INFO - Calibrated NASDAQ_100: raw_mean=-0.000303, raw_std=0.008293, target_mean=0.000613, target_std=0.013973
2026-04-15 04:47:18,623 - INFO - Calibrated USD_index: raw_mean=0.028484, raw_std=0.224763, target_mean=0.000636, target_std=0.432554
2026-04-15 04:47:18,810 - INFO - Calibrated Silver_Futures: raw_mean=-0.000169, raw_std=0.007856, target_mean=0.000532, target_std=0.019552
2026-04-15 04:47:18,811 - INFO - Calibrated Gold_Futures: raw_mean=-0.000103, raw_std=0.004134, target_mean=0.000486, target_std=0.009815
2026-04-15 04:47:18,811 - INFO - Calibrated US30: raw_mean=-0.000585, raw_std=0.004837, target_mean=0.000346, target_std=0.011037
2026-04-15 04:47:18,811 - INFO - Calibrated SnP500: raw_mean=-0.000173, raw_std=0.005113, target_mean=0.000414, target_std=0.011265
2026-04-15 04:47:18,811 - INFO - Calibrated NASDAQ_100: raw_mean=-0.000043, raw_std=0.006543, target_mean=0.000613, target_std=0.013973
2026-04-15 04:47:18,811 - INFO - Calibrated USD_index: raw_mean=0.015969, raw_std=0.222374, target_mean=0.000636, target_std=0.432554
2026-04-15 04:47:18,975 - INFO - Calibrated Silver_Futures: raw_mean=-0.001036, raw_std=0.008645, target_mean=0.000532, target_std=0.019552
2026-04-15 04:47:18,975 - INFO - Calibrated Gold_Futures: raw_mean=-0.000893, raw_std=0.004186, target_mean=0.000486, target_std=0.009815
2026-04-15 04:47:18,975 - INFO - Calibrated US30: raw_mean=0.000164, raw_std=0.005892, target_mean=0.000346, target_std=0.011037
2026-04-15 04:47:18,975 - INFO - Calibrated SnP500: raw_mean=0.000350, raw_std=0.006120, target_mean=0.000414, target_std=0.011265
2026-04-15 04:47:18,975 - INFO - Calibrated NASDAQ_100: raw_mean=0.000665, raw_std=0.007605, target_mean=0.000613, target_std=0.013973
2026-04-15 04:47:18,975 - INFO - Calibrated USD_index: raw_mean=0.022193, raw_std=0.191541, target_mean=0.000636, target_std=0.432554
2026-04-15 04:47:19,106 - INFO - Calibrated Silver_Futures: raw_mean=-0.001993, raw_std=0.010418, target_mean=0.000532, target_std=0.019552
2026-04-15 04:47:19,106 - INFO - Calibrated Gold_Futures: raw_mean=-0.000898, raw_std=0.005278, target_mean=0.000486, target_std=0.009815
2026-04-15 04:47:19,106 - INFO - Calibrated US30: raw_mean=-0.000250, raw_std=0.006935, target_mean=0.000346, target_std=0.011037
2026-04-15 04:47:19,106 - INFO - Calibrated SnP500: raw_mean=0.000115, raw_std=0.007282, target_mean=0.000414, target_std=0.011265
2026-04-15 04:47:19,106 - INFO - Calibrated NASDAQ_100: raw_mean=0.000379, raw_std=0.009165, target_mean=0.000613, target_std=0.013973
2026-04-15 04:47:19,106 - INFO - Calibrated USD_index: raw_mean=0.046085, raw_std=0.242896, target_mean=0.000636, target_std=0.432554
2026-04-15 04:47:19,236 - INFO - Calibrated Silver_Futures: raw_mean=-0.000045, raw_std=0.008376, target_mean=0.000532, target_std=0.019552
2026-04-15 04:47:19,237 - INFO - Calibrated Gold_Futures: raw_mean=-0.000128, raw_std=0.004379, target_mean=0.000486, target_std=0.009815
2026-04-15 04:47:19,237 - INFO - Calibrated US30: raw_mean=-0.000189, raw_std=0.004896, target_mean=0.000346, target_std=0.011037
2026-04-15 04:47:19,238 - INFO - Calibrated SnP500: raw_mean=0.000084, raw_std=0.005187, target_mean=0.000414, target_std=0.011265
2026-04-15 04:47:19,238 - INFO - Calibrated NASDAQ_100: raw_mean=0.000315, raw_std=0.006447, target_mean=0.000613, target_std=0.013973
2026-04-15 04:47:19,238 - INFO - Calibrated USD_index: raw_mean=-0.003684, raw_std=0.209491, target_mean=0.000636, target_std=0.432554
2026-04-15 04:47:19,488 - INFO - Calibrated Silver_Futures: raw_mean=-0.002237, raw_std=0.008614, target_mean=0.000532, target_std=0.019552
2026-04-15 04:47:19,488 - INFO - Calibrated Gold_Futures: raw_mean=-0.000987, raw_std=0.004202, target_mean=0.000486, target_std=0.009815
2026-04-15 04:47:19,488 - INFO - Calibrated US30: raw_mean=-0.000542, raw_std=0.005326, target_mean=0.000346, target_std=0.011037
2026-04-15 04:47:19,488 - INFO - Calibrated SnP500: raw_mean=-0.000296, raw_std=0.005638, target_mean=0.000414, target_std=0.011265
2026-04-15 04:47:19,488 - INFO - Calibrated NASDAQ_100: raw_mean=-0.000079, raw_std=0.007140, target_mean=0.000613, target_std=0.013973
2026-04-15 04:47:19,488 - INFO - Calibrated USD_index: raw_mean=0.022825, raw_std=0.209360, target_mean=0.000636, target_std=0.432554
2026-04-15 04:47:19,650 - INFO - Calibrated Silver_Futures: raw_mean=-0.004522, raw_std=0.010860, target_mean=0.000532, target_std=0.019552
2026-04-15 04:47:19,650 - INFO - Calibrated Gold_Futures: raw_mean=-0.002439, raw_std=0.005415, target_mean=0.000486, target_std=0.009815
2026-04-15 04:47:19,650 - INFO - Calibrated US30: raw_mean=-0.000726, raw_std=0.007292, target_mean=0.000346, target_std=0.011037
2026-04-15 04:47:19,650 - INFO - Calibrated SnP500: raw_mean=-0.000535, raw_std=0.007654, target_mean=0.000414, target_std=0.011265
2026-04-15 04:47:19,651 - INFO - Calibrated NASDAQ_100: raw_mean=-0.000259, raw_std=0.009640, target_mean=0.000613, target_std=0.013973
2026-04-15 04:47:19,651 - INFO - Calibrated USD_index: raw_mean=0.082739, raw_std=0.256425, target_mean=0.000636, target_std=0.432554
2026-04-15 04:47:19,805 - INFO - Calibrated Silver_Futures: raw_mean=-0.002668, raw_std=0.011251, target_mean=0.000532, target_std=0.019552
2026-04-15 04:47:19,805 - INFO - Calibrated Gold_Futures: raw_mean=-0.001401, raw_std=0.005569, target_mean=0.000486, target_std=0.009815
2026-04-15 04:47:19,805 - INFO - Calibrated US30: raw_mean=-0.000732, raw_std=0.006101, target_mean=0.000346, target_std=0.011037
2026-04-15 04:47:19,805 - INFO - Calibrated SnP500: raw_mean=-0.000514, raw_std=0.006402, target_mean=0.000414, target_std=0.011265
2026-04-15 04:47:19,805 - INFO - Calibrated NASDAQ_100: raw_mean=-0.000253, raw_std=0.007978, target_mean=0.000613, target_std=0.013973
2026-04-15 04:47:19,805 - INFO - Calibrated USD_index: raw_mean=0.057246, raw_std=0.254211, target_mean=0.000636, target_std=0.432554
2026-04-15 04:47:19,942 - INFO - Calibrated Silver_Futures: raw_mean=0.000177, raw_std=0.008524, target_mean=0.000532, target_std=0.019552
2026-04-15 04:47:19,942 - INFO - Calibrated Gold_Futures: raw_mean=-0.000054, raw_std=0.004519, target_mean=0.000486, target_std=0.009815
2026-04-15 04:47:19,942 - INFO - Calibrated US30: raw_mean=-0.000019, raw_std=0.005372, target_mean=0.000346, target_std=0.011037
2026-04-15 04:47:19,943 - INFO - Calibrated SnP500: raw_mean=0.000156, raw_std=0.005663, target_mean=0.000414, target_std=0.011265
2026-04-15 04:47:19,943 - INFO - Calibrated NASDAQ_100: raw_mean=0.000470, raw_std=0.007033, target_mean=0.000613, target_std=0.013973
2026-04-15 04:47:19,943 - INFO - Calibrated USD_index: raw_mean=0.017360, raw_std=0.211335, target_mean=0.000636, target_std=0.432554
2026-04-15 04:47:20,066 - INFO - Calibrated Silver_Futures: raw_mean=0.002245, raw_std=0.008953, target_mean=0.000532, target_std=0.019552
2026-04-15 04:47:20,066 - INFO - Calibrated Gold_Futures: raw_mean=0.000914, raw_std=0.004696, target_mean=0.000486, target_std=0.009815
2026-04-15 04:47:20,066 - INFO - Calibrated US30: raw_mean=0.000394, raw_std=0.005507, target_mean=0.000346, target_std=0.011037
2026-04-15 04:47:20,066 - INFO - Calibrated SnP500: raw_mean=0.000717, raw_std=0.005888, target_mean=0.000414, target_std=0.011265
2026-04-15 04:47:20,067 - INFO - Calibrated NASDAQ_100: raw_mean=0.001046, raw_std=0.007291, target_mean=0.000613, target_std=0.013973
2026-04-15 04:47:20,067 - INFO - Calibrated USD_index: raw_mean=-0.017515, raw_std=0.206894, target_mean=0.000636, target_std=0.432554
2026-04-15 04:47:20,201 - INFO - Calibrated Silver_Futures: raw_mean=-0.000990, raw_std=0.008718, target_mean=0.000532, target_std=0.019552
2026-04-15 04:47:20,202 - INFO - Calibrated Gold_Futures: raw_mean=-0.000596, raw_std=0.004591, target_mean=0.000486, target_std=0.009815
2026-04-15 04:47:20,202 - INFO - Calibrated US30: raw_mean=-0.000201, raw_std=0.005196, target_mean=0.000346, target_std=0.011037
2026-04-15 04:47:20,202 - INFO - Calibrated SnP500: raw_mean=0.000090, raw_std=0.005430, target_mean=0.000414, target_std=0.011265
2026-04-15 04:47:20,204 - INFO - Calibrated NASDAQ_100: raw_mean=0.000348, raw_std=0.006812, target_mean=0.000613, target_std=0.013973
2026-04-15 04:47:20,204 - INFO - Calibrated USD_index: raw_mean=0.014122, raw_std=0.201663, target_mean=0.000636, target_std=0.432554
2026-04-15 04:47:20,265 - INFO - --- Training seed 3 for silver_apr2026_train ---
2026-04-15 04:49:33,151 - INFO - Seed 3 Epoch 50/250: D_Loss=1.912118, Total_G_Loss=2.204129
2026-04-15 04:52:04,665 - INFO - Seed 3 Epoch 100/250: D_Loss=1.905942, Total_G_Loss=2.011674
2026-04-15 04:54:33,776 - INFO - Seed 3 Epoch 150/250: D_Loss=1.910580, Total_G_Loss=2.019054
2026-04-15 04:56:30,993 - INFO - Seed 3 Epoch 200/250: D_Loss=1.913841, Total_G_Loss=1.905608
2026-04-15 04:58:32,358 - INFO - Seed 3 Epoch 250/250: D_Loss=1.922244, Total_G_Loss=1.741392
2026-04-15 04:58:32,829 - INFO - Calibrated Silver_Futures: raw_mean=0.002448, raw_std=0.009634, target_mean=0.000532, target_std=0.019552
2026-04-15 04:58:32,829 - INFO - Calibrated Gold_Futures: raw_mean=0.001347, raw_std=0.004671, target_mean=0.000486, target_std=0.009815
2026-04-15 04:58:32,829 - INFO - Calibrated US30: raw_mean=0.000030, raw_std=0.005093, target_mean=0.000346, target_std=0.011037
2026-04-15 04:58:32,830 - INFO - Calibrated SnP500: raw_mean=0.000267, raw_std=0.005534, target_mean=0.000414, target_std=0.011265
2026-04-15 04:58:32,830 - INFO - Calibrated NASDAQ_100: raw_mean=0.000299, raw_std=0.007007, target_mean=0.000613, target_std=0.013973
2026-04-15 04:58:32,830 - INFO - Calibrated USD_index: raw_mean=-0.004865, raw_std=0.192806, target_mean=0.000636, target_std=0.432554
2026-04-15 04:58:32,949 - INFO - Calibrated Silver_Futures: raw_mean=0.000059, raw_std=0.007245, target_mean=0.000532, target_std=0.019552
2026-04-15 04:58:32,949 - INFO - Calibrated Gold_Futures: raw_mean=-0.000329, raw_std=0.003750, target_mean=0.000486, target_std=0.009815
2026-04-15 04:58:32,949 - INFO - Calibrated US30: raw_mean=0.000604, raw_std=0.005043, target_mean=0.000346, target_std=0.011037
2026-04-15 04:58:32,949 - INFO - Calibrated SnP500: raw_mean=0.000953, raw_std=0.005252, target_mean=0.000414, target_std=0.011265
2026-04-15 04:58:32,949 - INFO - Calibrated NASDAQ_100: raw_mean=0.001336, raw_std=0.006575, target_mean=0.000613, target_std=0.013973
2026-04-15 04:58:32,949 - INFO - Calibrated USD_index: raw_mean=0.024484, raw_std=0.195078, target_mean=0.000636, target_std=0.432554
2026-04-15 04:58:33,082 - INFO - Calibrated Silver_Futures: raw_mean=0.000536, raw_std=0.007999, target_mean=0.000532, target_std=0.019552
2026-04-15 04:58:33,082 - INFO - Calibrated Gold_Futures: raw_mean=0.000238, raw_std=0.004243, target_mean=0.000486, target_std=0.009815
2026-04-15 04:58:33,082 - INFO - Calibrated US30: raw_mean=0.000038, raw_std=0.005470, target_mean=0.000346, target_std=0.011037
2026-04-15 04:58:33,082 - INFO - Calibrated SnP500: raw_mean=0.000319, raw_std=0.005758, target_mean=0.000414, target_std=0.011265
2026-04-15 04:58:33,082 - INFO - Calibrated NASDAQ_100: raw_mean=0.000399, raw_std=0.007210, target_mean=0.000613, target_std=0.013973
2026-04-15 04:58:33,082 - INFO - Calibrated USD_index: raw_mean=0.004714, raw_std=0.211600, target_mean=0.000636, target_std=0.432554
2026-04-15 04:58:33,205 - INFO - Calibrated Silver_Futures: raw_mean=0.003685, raw_std=0.008131, target_mean=0.000532, target_std=0.019552
2026-04-15 04:58:33,205 - INFO - Calibrated Gold_Futures: raw_mean=0.001868, raw_std=0.004072, target_mean=0.000486, target_std=0.009815
2026-04-15 04:58:33,205 - INFO - Calibrated US30: raw_mean=-0.000002, raw_std=0.005163, target_mean=0.000346, target_std=0.011037
2026-04-15 04:58:33,205 - INFO - Calibrated SnP500: raw_mean=0.000129, raw_std=0.005385, target_mean=0.000414, target_std=0.011265
2026-04-15 04:58:33,205 - INFO - Calibrated NASDAQ_100: raw_mean=0.000088, raw_std=0.006660, target_mean=0.000613, target_std=0.013973
2026-04-15 04:58:33,206 - INFO - Calibrated USD_index: raw_mean=-0.015635, raw_std=0.195562, target_mean=0.000636, target_std=0.432554
2026-04-15 04:58:33,311 - INFO - Calibrated Silver_Futures: raw_mean=0.002672, raw_std=0.009928, target_mean=0.000532, target_std=0.019552
2026-04-15 04:58:33,311 - INFO - Calibrated Gold_Futures: raw_mean=0.001116, raw_std=0.005074, target_mean=0.000486, target_std=0.009815
2026-04-15 04:58:33,311 - INFO - Calibrated US30: raw_mean=-0.000062, raw_std=0.005894, target_mean=0.000346, target_std=0.011037
2026-04-15 04:58:33,311 - INFO - Calibrated SnP500: raw_mean=0.000217, raw_std=0.006279, target_mean=0.000414, target_std=0.011265
2026-04-15 04:58:33,311 - INFO - Calibrated NASDAQ_100: raw_mean=0.000214, raw_std=0.007934, target_mean=0.000613, target_std=0.013973
2026-04-15 04:58:33,311 - INFO - Calibrated USD_index: raw_mean=-0.007309, raw_std=0.201535, target_mean=0.000636, target_std=0.432554
2026-04-15 04:58:33,422 - INFO - Calibrated Silver_Futures: raw_mean=0.001485, raw_std=0.009081, target_mean=0.000532, target_std=0.019552
2026-04-15 04:58:33,422 - INFO - Calibrated Gold_Futures: raw_mean=0.000948, raw_std=0.004373, target_mean=0.000486, target_std=0.009815
2026-04-15 04:58:33,422 - INFO - Calibrated US30: raw_mean=0.000017, raw_std=0.005226, target_mean=0.000346, target_std=0.011037
2026-04-15 04:58:33,422 - INFO - Calibrated SnP500: raw_mean=0.000279, raw_std=0.005522, target_mean=0.000414, target_std=0.011265
2026-04-15 04:58:33,422 - INFO - Calibrated NASDAQ_100: raw_mean=0.000351, raw_std=0.006908, target_mean=0.000613, target_std=0.013973
2026-04-15 04:58:33,422 - INFO - Calibrated USD_index: raw_mean=-0.001914, raw_std=0.165546, target_mean=0.000636, target_std=0.432554
2026-04-15 04:58:33,534 - INFO - Calibrated Silver_Futures: raw_mean=0.002645, raw_std=0.006322, target_mean=0.000532, target_std=0.019552
2026-04-15 04:58:33,534 - INFO - Calibrated Gold_Futures: raw_mean=0.001124, raw_std=0.003610, target_mean=0.000486, target_std=0.009815
2026-04-15 04:58:33,534 - INFO - Calibrated US30: raw_mean=0.000620, raw_std=0.005086, target_mean=0.000346, target_std=0.011037
2026-04-15 04:58:33,534 - INFO - Calibrated SnP500: raw_mean=0.001005, raw_std=0.005387, target_mean=0.000414, target_std=0.011265
2026-04-15 04:58:33,534 - INFO - Calibrated NASDAQ_100: raw_mean=0.001401, raw_std=0.006721, target_mean=0.000613, target_std=0.013973
2026-04-15 04:58:33,534 - INFO - Calibrated USD_index: raw_mean=-0.014167, raw_std=0.193095, target_mean=0.000636, target_std=0.432554
2026-04-15 04:58:33,630 - INFO - Calibrated Silver_Futures: raw_mean=0.003586, raw_std=0.009157, target_mean=0.000532, target_std=0.019552
2026-04-15 04:58:33,630 - INFO - Calibrated Gold_Futures: raw_mean=0.001486, raw_std=0.004787, target_mean=0.000486, target_std=0.009815
2026-04-15 04:58:33,630 - INFO - Calibrated US30: raw_mean=0.000321, raw_std=0.005790, target_mean=0.000346, target_std=0.011037
2026-04-15 04:58:33,630 - INFO - Calibrated SnP500: raw_mean=0.000573, raw_std=0.006118, target_mean=0.000414, target_std=0.011265
2026-04-15 04:58:33,630 - INFO - Calibrated NASDAQ_100: raw_mean=0.000607, raw_std=0.007729, target_mean=0.000613, target_std=0.013973
2026-04-15 04:58:33,630 - INFO - Calibrated USD_index: raw_mean=-0.028188, raw_std=0.231226, target_mean=0.000636, target_std=0.432554
2026-04-15 04:58:33,736 - INFO - Calibrated Silver_Futures: raw_mean=0.004929, raw_std=0.007786, target_mean=0.000532, target_std=0.019552
2026-04-15 04:58:33,736 - INFO - Calibrated Gold_Futures: raw_mean=0.002127, raw_std=0.004199, target_mean=0.000486, target_std=0.009815
2026-04-15 04:58:33,736 - INFO - Calibrated US30: raw_mean=-0.000014, raw_std=0.004899, target_mean=0.000346, target_std=0.011037
2026-04-15 04:58:33,736 - INFO - Calibrated SnP500: raw_mean=0.000272, raw_std=0.005186, target_mean=0.000414, target_std=0.011265
2026-04-15 04:58:33,736 - INFO - Calibrated NASDAQ_100: raw_mean=0.000348, raw_std=0.006599, target_mean=0.000613, target_std=0.013973
2026-04-15 04:58:33,736 - INFO - Calibrated USD_index: raw_mean=-0.028734, raw_std=0.205147, target_mean=0.000636, target_std=0.432554
2026-04-15 04:58:33,844 - INFO - Calibrated Silver_Futures: raw_mean=0.000483, raw_std=0.008404, target_mean=0.000532, target_std=0.019552
2026-04-15 04:58:33,844 - INFO - Calibrated Gold_Futures: raw_mean=-0.000121, raw_std=0.004039, target_mean=0.000486, target_std=0.009815
2026-04-15 04:58:33,844 - INFO - Calibrated US30: raw_mean=0.000624, raw_std=0.005283, target_mean=0.000346, target_std=0.011037
2026-04-15 04:58:33,844 - INFO - Calibrated SnP500: raw_mean=0.000920, raw_std=0.005639, target_mean=0.000414, target_std=0.011265
2026-04-15 04:58:33,844 - INFO - Calibrated NASDAQ_100: raw_mean=0.001204, raw_std=0.007087, target_mean=0.000613, target_std=0.013973
2026-04-15 04:58:33,844 - INFO - Calibrated USD_index: raw_mean=0.000759, raw_std=0.196975, target_mean=0.000636, target_std=0.432554
2026-04-15 04:58:33,969 - INFO - Calibrated Silver_Futures: raw_mean=0.001755, raw_std=0.008417, target_mean=0.000532, target_std=0.019552
2026-04-15 04:58:33,969 - INFO - Calibrated Gold_Futures: raw_mean=0.000613, raw_std=0.003992, target_mean=0.000486, target_std=0.009815
2026-04-15 04:58:33,969 - INFO - Calibrated US30: raw_mean=0.000141, raw_std=0.005445, target_mean=0.000346, target_std=0.011037
2026-04-15 04:58:33,969 - INFO - Calibrated SnP500: raw_mean=0.000364, raw_std=0.005771, target_mean=0.000414, target_std=0.011265
2026-04-15 04:58:33,969 - INFO - Calibrated NASDAQ_100: raw_mean=0.000479, raw_std=0.007233, target_mean=0.000613, target_std=0.013973
2026-04-15 04:58:33,969 - INFO - Calibrated USD_index: raw_mean=0.010983, raw_std=0.189831, target_mean=0.000636, target_std=0.432554
2026-04-15 04:58:34,082 - INFO - Calibrated Silver_Futures: raw_mean=-0.000836, raw_std=0.008650, target_mean=0.000532, target_std=0.019552
2026-04-15 04:58:34,082 - INFO - Calibrated Gold_Futures: raw_mean=-0.000643, raw_std=0.004432, target_mean=0.000486, target_std=0.009815
2026-04-15 04:58:34,083 - INFO - Calibrated US30: raw_mean=-0.000101, raw_std=0.005423, target_mean=0.000346, target_std=0.011037
2026-04-15 04:58:34,083 - INFO - Calibrated SnP500: raw_mean=0.000150, raw_std=0.005705, target_mean=0.000414, target_std=0.011265
2026-04-15 04:58:34,083 - INFO - Calibrated NASDAQ_100: raw_mean=0.000340, raw_std=0.007341, target_mean=0.000613, target_std=0.013973
2026-04-15 04:58:34,083 - INFO - Calibrated USD_index: raw_mean=0.034284, raw_std=0.221222, target_mean=0.000636, target_std=0.432554
2026-04-15 04:58:34,127 - INFO - Selected best seed metrics: {'avg_vol_gap': 0.011827151065657423, 'max_vol_gap': 0.011834114116823002, 'avg_mean_gap_z': 3.8004721229369894e-08, 'avg_ks_stat': 0.11372707195682336, 'avg_acf_gap': 0.10440119697861946, 'corr_gap': 0.03217267570708635, 'full_avg_ks_stat': 0.10830715940479374, 'recent_avg_ks_stat': 0.11734034699150976, 'full_avg_acf_gap': 0.09531608649863768, 'recent_avg_acf_gap': 0.11045793729860734, 'full_corr_gap': 8.902317890965388e-06, 'recent_corr_gap': 0.05361519129988328, 'quality_score': 0.6616515106092031, 'quality_label': 'usable_with_caution', 'candidate': 9, 'seed': 0}
2026-04-15 04:58:34,128 - INFO - Reconstructing price path starting from: {'Silver_Futures': np.float64(74.919), 'Gold_Futures': np.float64(4678.6), 'US30': np.float64(46405.4), 'SnP500': np.float64(6528.52), 'NASDAQ_100': np.float64(23740.19), 'USD_index': np.float64(99.96)}
2026-04-15 04:58:34,128 - INFO - --- VALIDATION METRICS (Additional Detail) ---
2026-04-15 04:58:34,129 - INFO - [Silver_Futures] Hist_Std: 0.019549, Gen_Std: 0.019552, Err: 0.02%, Hist_Mean: 0.000532, Gen_Mean: 0.000532
2026-04-15 04:58:34,129 - INFO - [Gold_Futures] Hist_Std: 0.009813, Gen_Std: 0.009815, Err: 0.02%, Hist_Mean: 0.000486, Gen_Mean: 0.000486
2026-04-15 04:58:34,130 - INFO - [US30] Hist_Std: 0.011035, Gen_Std: 0.011036, Err: 0.02%, Hist_Mean: 0.000346, Gen_Mean: 0.000346
2026-04-15 04:58:34,130 - INFO - [SnP500] Hist_Std: 0.011263, Gen_Std: 0.011264, Err: 0.02%, Hist_Mean: 0.000414, Gen_Mean: 0.000414
2026-04-15 04:58:34,130 - INFO - [NASDAQ_100] Hist_Std: 0.013970, Gen_Std: 0.013973, Err: 0.02%, Hist_Mean: 0.000613, Gen_Mean: 0.000613
2026-04-15 04:58:34,131 - INFO - [USD_index] Hist_Std: 0.432476, Gen_Std: 0.432553, Err: 0.02%, Hist_Mean: 0.000636, Gen_Mean: 0.000636
2026-04-15 04:58:34,364 - INFO - Finalized and saved extended data to C:\Users\User\Gold-Silver-Forcasting_USA_EPU\silver_apr2026_train_extended.csv
